This file contains any messages produced by compilers while
running configure, to aid debugging if configure makes a mistake.

It was created by audit configure 2.8.4, which was
generated by GNU Autoconf 2.69.  Invocation command line was

  $ ../../configure --build=x86_64-linux-gnu --prefix=/usr --includedir=${prefix}/include --mandir=${prefix}/share/man --infodir=${prefix}/share/info --sysconfdir=/etc --localstatedir=/var --disable-silent-rules --libdir=${prefix}/lib/x86_64-linux-gnu --libexecdir=${prefix}/lib/x86_64-linux-gnu --disable-maintainer-mode --disable-dependency-tracking --sbindir=/sbin --libdir=/lib/x86_64-linux-gnu --enable-shared=audit --enable-gssapi-krb5 --with-apparmor --with-prelude --with-libwrap --with-libcap-ng --with-python --with-python3 --with-arm --with-aarch64

## --------- ##
## Platform. ##
## --------- ##

hostname = server
uname -m = x86_64
uname -r = 4.18.0-2-amd64
uname -s = Linux
uname -v = #1 SMP Debian 4.18.10-2 (2018-11-02)

/usr/bin/uname -p = unknown
/bin/uname -X     = unknown

/bin/arch              = unknown
/usr/bin/arch -k       = unknown
/usr/convex/getsysinfo = unknown
/usr/bin/hostinfo      = unknown
/bin/machine           = unknown
/usr/bin/oslevel       = unknown
/bin/universe          = unknown

PATH: /usr/local/bin
PATH: /opt/intel/compilers_and_libraries/linux/pkg_bin/intel64
PATH: /usr/sbin
PATH: /usr/bin
PATH: /sbin
PATH: /bin
PATH: /usr/bin/X11


## ----------- ##
## Core tests. ##
## ----------- ##

configure:2508: loading site script /usr/share/config.site
| # BASH
| #: ${CONFIG_SITE:?CONFIG_SITE not set}
| 
| [[ :$LD_LIBRARY_PATH: != *":/opt/intel/tbb/lib/intel64/gcc4.7:"* ]] && LD_LIBRARY_PATH=/opt/intel/tbb/lib/intel64/gcc4.7:$LD_LIBRARY_PATH
| [[ :$LD_LIBRARY_PATH: != *":/opt/intel/compilers_and_libraries/linux/mpi/intel64/lib:"* ]] && LD_LIBRARY_PATH=/opt/intel/compilers_and_libraries/linux/mpi/intel64/lib:$LD_LIBRARY_PATH
| [[ :$LD_LIBRARY_PATH: != *":/opt/intel/compilers_and_libraries/linux/mpi/intel64/lib/release:"* ]] && LD_LIBRARY_PATH=/opt/intel/compilers_and_libraries/linux/mpi/intel64/lib/release:$LD_LIBRARY_PATH
| [[ :$LD_LIBRARY_PATH: != *":/opt/intel/compilers_and_libraries/linux/mpi/intel64/libfabric/lib:"* ]] && LD_LIBRARY_PATH=/opt/intel/compilers_and_libraries/linux/mpi/intel64/libfabric/lib:$LD_LIBRARY_PATH
| [[ :$LD_LIBRARY_PATH: != *":/opt/intel/lib/intel64:"* ]] && LD_LIBRARY_PATH=/opt/intel/lib/intel64:$LD_LIBRARY_PATH
| 
| FI_PROVIDER_PATH=/opt/intel/compilers_and_libraries/linux/mpi/intel64/libfabric/lib/prov
| 
| [[ :$CLASSPATH: != *":/opt/intel/compilers_and_libraries/linux/mpi/intel64/lib/mpi.jar:"* ]] && CLASSPATH=/opt/intel/compilers_and_libraries/linux/mpi/intel64/lib/mpi.jar:$CLASSPATH
| 
| [[ :$CPATH: != *":/opt/intel/tbb/include:"* ]] && CPATH=/opt/intel/tbb/include:$CPATH
| [[ :$CPATH: != *":/opt/intel/pstl/include:"* ]] && CPATH=/opt/intel/pstl/include:$CPATH
| 
| 
| NLSPATH=/opt/intel/lib/intel64/locale/en_US/%N
| 
| [[ :$LIBRARY_PATH: != *":/opt/intel/tbb/lib/intel64/gcc4.7:"* ]] && LIBRARY_PATH=/opt/intel/tbb/lib/intel64/gcc4.7:$LIBRARY_PATH
| [[ :$LIBRARY_PATH: != *":/opt/intel/compilers_and_libraries/linux/mpi/intel64/libfabric/lib:"* ]] && LIBRARY_PATH=/opt/intel/compilers_and_libraries/linux/mpi/intel64/libfabric/lib:$LIBRARY_PATH
| 
| PSTLROOT=/opt/intel/pstl
| [[ :$PATH: != *":/opt/intel/parallel_studio_xe_2019/bin:"* ]] && PATH=$PATH:/opt/intel/parallel_studio_xe_2019/bin
| [[ :$PATH: != *":/opt/intel/compilers_and_libraries/linux/mpi/intel64/bin:"* ]] && PATH=/opt/intel/compilers_and_libraries/linux/mpi/intel64/bin:$PATH
| [[ :$PATH: != *":/opt/intel/compilers_and_libraries/linux/mpi/intel64/libfabric/bin:"* ]] && PATH=/opt/intel/compilers_and_libraries/linux/mpi/intel64/libfabric/bin:$PATH
| [[ :$PATH: != *":/opt/intel/compilers_and_libraries/linux/pkg_bin/intel64:"* ]] && PATH=/opt/intel/compilers_and_libraries/linux/pkg_bin/intel64:$PATH
| 
| TBBROOT=/opt/intel/tbb
| I_MPI_ROOT=/opt/intel/compilers_and_libraries/linux/mpi
| INTEL_LICENSE_FILE=/opt/intel/licenses
| 
| CC=icc.pl
| CXX=icpc.pl
| LTCC=icc.pl
| LTCXX=icpc.pl
| LANGUAGE=C
| LC_ALL=C
| 
| CPP='icc.pl -E'
| CXXCPP='icpc.pl -E'
| 
| INSTALL=/usr/bin/install
| 
| MKDIR_P='/bin/mkdir -p'
| 
| AWK=/usr/bin/gawk
| 
| AS=/usr/bin/x86_64-linux-gnu-as
| AR=xiar.pl
| #RANLIB='xiar s'
| MAGIC_CMD=/usr/bin/file
| CONFIG_SHELL=/bin/bash
| ECHO='/usr/bin/printf %s\n'
| ECHO_T='	' # assuming shell is BASH! if zsh we define ECHO_C=\c
| EGREP='/bin/grep -E'
| FGREP='/bin/grep -F'
| GCC=yes
| GCC_CXX=yes
| GREP=/bin/grep
| #LD='xild -m elf_x86_64'
| LN_S='ln -s'
| NM='/usr/bin/x86_64-linux-gnu-nm -B'
| OBJDUMP=/usr/bin/x86_64-linux-gnu-objdump
| PERL=/usr/bin/perl
| PKG_CONFIG=/usr/bin/pkg-config
| SED=/bin/sed
| SHELL=/bin/bash
| STRIP=/usr/bin/x86_64-linux-gnu-strip
| Xsed='/bin/sed -e 1s/^X//'
| YACC='/usr/bin/bison -y'
| CC_FOR_BUILD=icc.pl
| CXX_FOR_BUILD=icpc.pl
| 
| CPP_FOR_BUILD='icc.pl -E'
| CXXCPP_FOR_BUILD='icpc.pl -E'
| 
| ax_cv_c_float_words_bigendian=no
| 
| 
| 
| # BASH=/bin/bash
| # CONFIG_STATUS=./config.status
| # DEFS=-DHAVE_CONFIG_H
| # DUALCASE=1
| ECHO_N=-n
| ECHO_T='	'
| EGREP='/bin/grep -E'
| EXEEXT=
| GCC=yes
| GREP=/bin/grep
| # HOSTNAME=server
| HOSTTYPE=x86_64
| 
| INSTALL='/usr/bin/install'
| INSTALL_DATA='${INSTALL} -m 644'
| INSTALL_PROGRAM='${INSTALL}'
| INSTALL_SCRIPT='${INSTALL}'
| # LIBOBJS=
| # LTLIBOBJS=
| MACHTYPE=x86_64-pc-linux-gnu
| MAKEFLAGS='-l 8'
| OBJEXT=o
| # OPTERR=1
| # OPTIND=1
| OSTYPE=linux-gnu
| # PACKAGE_BUGREPORT=
| # PACKAGE_NAME=
| # PACKAGE_STRING=
| # PACKAGE_TARNAME=
| # PACKAGE_URL=
| # PACKAGE_VERSION=
| PATH_SEPARATOR=:
| POSIXLY_CORRECT=y
| RANLIB=/usr/bin/x86_64-linux-gnu-ranlib
| 
| ac_build_alias=x86_64-pc-linux-gnu
| 
| ac_ct_AR=xiar.pl
| ac_ct_CC=icc.pl
| ac_ct_RANLIB=x86_64-linux-gnu-ranlib
| ac_cv_build=x86_64-pc-linux-gnu
| ac_cv_c_bigendian=no
| ac_cv_c_compiler_clang=no
| ac_cv_c_compiler_gnu=yes
| ac_cv_func_asprintf=yes
| ac_cv_func_gethostname=yes
| ac_cv_func_getopt_long=yes
| ac_cv_func_getpwuid=yes
| ac_cv_func_gettimeofday=yes
| ac_cv_func_mkstemp=yes
| ac_cv_func_realpath=yes
| ac_cv_func_setenv=yes
| ac_cv_func_snprintf=yes
| ac_cv_func_strndup=yes
| ac_cv_func_strtok_r=yes
| ac_cv_func_unsetenv=yes
| ac_cv_func_utimes=yes
| ac_cv_func_vasprintf=yes
| ac_cv_func_vsnprintf=yes
| ac_cv_header_ctype_h=yes
| ac_cv_header_dirent_dirent_h=yes
| ac_cv_header_inttypes_h=yes
| ac_cv_header_memory_h=yes
| ac_cv_header_pwd_h=yes
| ac_cv_header_stdarg_h=yes
| ac_cv_header_stdc=yes
| ac_cv_header_stdint_h=yes
| ac_cv_header_stdlib_h=yes
| ac_cv_header_string_h=yes
| ac_cv_header_strings_h=yes
| ac_cv_header_sys_mman_h=yes
| ac_cv_header_sys_stat_h=yes
| ac_cv_header_sys_time_h=yes
| ac_cv_header_sys_types_h=yes
| ac_cv_header_sys_wait_h=yes
| ac_cv_header_termios_h=yes
| ac_cv_header_time=yes
| ac_cv_header_unistd_h=yes
| ac_cv_header_varargs_h=no
| ac_cv_host=x86_64-pc-linux-gnu
| ac_cv_objext=o
| ac_cv_path_EGREP='/bin/grep -E'
| ac_cv_path_GREP=/bin/grep
| ac_cv_path_ac_pt_BASH=/bin/bash
| ac_cv_path_install=/usr/bin/install
| ac_cv_prog_CPP='icc.pl -E'
| ac_cv_prog_ac_ct_AR=xiar.pl
| ac_cv_prog_ac_ct_CC=icc.pl
| ac_cv_prog_ac_ct_RANLIB=ranlib
| ac_cv_prog_cc_c89='-std=gnu89' #ISO C90 plus GNU* extensions
| ac_cv_prog_cc_c99='-std=gnu99'
| # ac_cv_prog_cc_g=yes
| ac_cv_search_cos='none required'
| ac_cv_search_opendir='none required'
| ac_cv_type_long_long=yes
| ac_cv_type_unsigned_long_long_int=yes
| 
| ac_default_prefix=/usr
| 
| 
| build=x86_64-pc-linux-gnu
| build_cpu=x86_64
| build_os=linux-gnu
| build_vendor=pc
| cache_file=/dev/null
| cross_compiling=no
| 
| host=x86_64-pc-linux-gnu
| host_cpu=x86_64
| host_os=linux-gnu
| host_vendor=pc
| hw_cv_func_asprintf=yes
| hw_cv_func_snprintf=yes
| hw_cv_func_snprintf_c99=yes
| hw_cv_func_vasprintf=yes
| hw_cv_func_vsnprintf=yes
| hw_cv_func_vsnprintf_c99=yes
| 
| #program_prefix=NONE
| #program_suffix=NONE
| 
| # silent=
| # site=
| # srcdir=.
| # subdirs=
| # target=
| # test_suites='unittest/test_args.c thisismadeup/crap.c'
| 
| verbose=yes
| #version=unknown
| 
| test "$prefix" = NONE && prefix=/usr
| test "$exec_prefix" = NONE && exec_prefix='${prefix}'
| 
| test "$bindir" = NONE && bindir='${prefix}/bin'
| test "$sbindir" = NONE && sbindir='${prefix}/sbin'
| test "$includedir" = NONE && includedir='${prefix}/include'
| test "$libdir" = NONE && libdir='${prefix}/lib'
| test "$libexecdir" = NONE && libexecdir='${prefix}/lib/${PACKAGE}'
| 
| #oldincludedir for non-gcc headers
| 
| if test "$prefix" = /usr; then
| 	test "$sysconfdir" = '${prefix}/etc' && sysconfdir=/etc
| 	test "$sharedstatedir" = '${prefix}/com' && sharedstatedir=/var
| 	test "$localstatedir" = '${prefix}/var' && localstatedir=/var
| else
| 	test "$sysconfdir" = NONE && sysconfdir='${prefix}/etc'
| 	test "$sharedstatedir" = NONE && sharedstatedir='${prefix}/com'
| 	test "$localstatedir" = NONE && localstatedir='${prefix}/var'
| fi
| runstatedir='${localstatedir}/run'
| 
| datarootdir='${prefix}/share'
| infodir='${datarootdir}/info'
| #libexecdir='${exec_prefix}/libexec'
| localedir='${datarootdir}/locale'
| mandir='${datarootdir}/man'
| datadir='${datarootdir}'
| # define_xopen_source=yes
| docdir='${datarootdir}/doc/${PACKAGE}'
| pdfdir='${docdir}'
| psdir='${docdir}'
| dvidir='${docdir}'
| htmldir='${docdir}'
configure:2643: checking build system type
configure:2657: result: x86_64-pc-linux-gnu
configure:2677: checking host system type
configure:2690: result: x86_64-pc-linux-gnu
configure:2710: checking target system type
configure:2723: result: x86_64-pc-linux-gnu
configure:2765: checking for a BSD-compatible install
configure:2833: result: /usr/bin/install
configure:2844: checking whether build environment is sane
configure:2899: result: yes
configure:3050: checking for a thread-safe mkdir -p
configure:3089: result: /bin/mkdir -p
configure:3096: checking for gawk
configure:3123: result: /usr/bin/gawk
configure:3134: checking whether make sets $(MAKE)
configure:3156: result: yes
configure:3185: checking whether make supports nested variables
configure:3202: result: yes
configure:3374: checking how to print strings
configure:3401: result: printf
configure:3426: checking whether make supports the include directive
configure:3441: make -f confmf.GNU && cat confinc.out
make[2]: Entering directory '/dev/shm/audit/audit/debian/build'
make[2]: Leaving directory '/dev/shm/audit/audit/debian/build'
this is the am__doit target
configure:3444: $? = 0
configure:3463: result: yes (GNU style)
configure:3533: checking for gcc
configure:3560: result: icc.pl
configure:3789: checking for C compiler version
configure:3798: icc.pl --version >&5
icc (ICC) 19.0.1.144 20181018
Copyright (C) 1985-2018 Intel Corporation.  All rights reserved.

configure:3809: $? = 0
configure:3798: icc.pl -v >&5
__INTEL_PRE_CFLAGS options:  
-diag-enableall
-diag-disable=10013,10385,10237,10346
-diag-error-limit=1
-diag-onceall
-Wremarks
-w3
-Wbrief

__INTEL_POST_CFLAGS options:  
... rest of stderr output deleted ...
configure:3809: $? = 1
configure:3798: icc.pl -V >&5
GNU ld (GNU Binutils for Debian) 2.31.1
Intel(R) C Intel(R) 64 Compiler for applications running on Intel(R) 64, Version 19.0.1.144 Build 20181018
Copyright (C) 1985-2018 Intel Corporation.  All rights reserved.

x86_64-linux-gnu-ld: /lib/x86_64-linux-gnu/libz.so.1: no version information available (required by /usr/lib/x86_64-linux-gnu/libbfd-2.31.1-system.so)
x86_64-linux-gnu-ld: /usr/lib/gcc/x86_64-linux-gnu/8/../../../x86_64-linux-gnu/Scrt1.o: in function `_start':
(.text+0x20): undefined reference to `main'
configure:3809: $? = 1
configure:3798: icc.pl -qversion >&5
x86_64-linux-gnu-ld: /lib/x86_64-linux-gnu/libz.so.1: no version information available (required by /usr/lib/x86_64-linux-gnu/libbfd-2.31.1-system.so)
x86_64-linux-gnu-ld: /usr/lib/gcc/x86_64-linux-gnu/8/../../../x86_64-linux-gnu/Scrt1.o: in function `_start':
(.text+0x20): undefined reference to `main'
configure:3809: $? = 1
configure:3829: checking whether the C compiler works
configure:3851: icc.pl -g -O2 -fdebug-prefix-map=/dev/shm/audit/audit=. -Wformat -march=native -pipe -Wformat-security -Wdate-time -D_FORTIFY_SOURCE=2 -Wl,-z,now -Wl,--as-needed conftest.c  >&5
ipo: remark #11001: performing single-file optimizations
ipo: remark #11006: generating object file /tmp/intel/ipo_iccnOqm0W.o
x86_64-linux-gnu-ld: /lib/x86_64-linux-gnu/libz.so.1: no version information available (required by /usr/lib/x86_64-linux-gnu/libbfd-2.31.1-system.so)
configure:3855: $? = 0
configure:3903: result: yes
configure:3906: checking for C compiler default output file name
configure:3908: result: a.out
configure:3914: checking for suffix of executables
configure:3921: icc.pl -o conftest -g -O2 -fdebug-prefix-map=/dev/shm/audit/audit=. -Wformat -march=native -pipe -Wformat-security -Wdate-time -D_FORTIFY_SOURCE=2 -Wl,-z,now -Wl,--as-needed conftest.c  >&5
ipo: remark #11001: performing single-file optimizations
ipo: remark #11006: generating object file /tmp/intel/ipo_iccAvDXmH.o
x86_64-linux-gnu-ld: /lib/x86_64-linux-gnu/libz.so.1: no version information available (required by /usr/lib/x86_64-linux-gnu/libbfd-2.31.1-system.so)
configure:3925: $? = 0
configure:3947: result: 
configure:3969: checking whether we are cross compiling
configure:3977: icc.pl -o conftest -g -O2 -fdebug-prefix-map=/dev/shm/audit/audit=. -Wformat -march=native -pipe -Wformat-security -Wdate-time -D_FORTIFY_SOURCE=2 -Wl,-z,now -Wl,--as-needed conftest.c  >&5
conftest.c(19) (col. 3): remark #111: statement is unreachable
ipo: remark #11001: performing single-file optimizations
ipo: remark #11006: generating object file /tmp/intel/ipo_iccOwhmVe.o
x86_64-linux-gnu-ld: /lib/x86_64-linux-gnu/libz.so.1: no version information available (required by /usr/lib/x86_64-linux-gnu/libbfd-2.31.1-system.so)
configure:3981: $? = 0
configure:3988: ./conftest
configure:3992: $? = 0
configure:4007: result: no
configure:4012: checking for suffix of object files
configure:4059: result: o
configure:4063: checking whether we are using the GNU C compiler
configure:4091: result: yes
configure:4100: checking whether icc.pl accepts -g
configure:4120: icc.pl -c -g -Wdate-time -D_FORTIFY_SOURCE=2 conftest.c >&5
configure:4120: $? = 0
configure:4161: result: yes
configure:4178: checking for icc.pl option to accept ISO C89
configure:4261: result: -std=gnu89
configure:4279: checking whether icc.pl -std=gnu89 understands -c and -o together
configure:4301: icc.pl -std=gnu89 -c conftest.c -o conftest2.o
configure:4304: $? = 0
configure:4301: icc.pl -std=gnu89 -c conftest.c -o conftest2.o
configure:4304: $? = 0
configure:4316: result: yes
configure:4335: checking dependency style of icc.pl -std=gnu89
configure:4446: result: none
configure:4461: checking for a sed that does not truncate output
configure:4525: result: /bin/sed
configure:4543: checking for grep that handles long lines and -e
configure:4601: result: /bin/grep
configure:4606: checking for egrep
configure:4668: result: /bin/grep -E
configure:4673: checking for fgrep
configure:4735: result: /bin/grep -F
configure:4770: checking for ld used by icc.pl -std=gnu89
configure:4837: result: /usr/bin/ld
configure:4844: checking if the linker (/usr/bin/ld) is GNU ld
configure:4859: result: yes
configure:4871: checking for BSD- or MS-compatible name lister (nm)
configure:4925: result: /usr/bin/x86_64-linux-gnu-nm -B
configure:5055: checking the name lister (/usr/bin/x86_64-linux-gnu-nm -B) interface
configure:5062: icc.pl -std=gnu89 -c -g -O2 -fdebug-prefix-map=/dev/shm/audit/audit=. -Wformat -march=native -pipe -Wformat-security -Wdate-time -D_FORTIFY_SOURCE=2 conftest.c >&5
configure:5065: /usr/bin/x86_64-linux-gnu-nm -B "conftest.o"
/usr/bin/x86_64-linux-gnu-nm: /lib/x86_64-linux-gnu/libz.so.1: no version information available (required by /usr/lib/x86_64-linux-gnu/libbfd-2.31.1-system.so)
configure:5068: output
0000000000000000 N .debug_info_seg
0000000000000000 B some_variable
configure:5075: result: BSD nm
configure:5078: checking whether ln -s works
configure:5082: result: yes
configure:5090: checking the maximum length of command line arguments
configure:5221: result: 1572864
configure:5269: checking how to convert x86_64-pc-linux-gnu file names to x86_64-pc-linux-gnu format
configure:5309: result: func_convert_file_noop
configure:5316: checking how to convert x86_64-pc-linux-gnu file names to toolchain format
configure:5336: result: func_convert_file_noop
configure:5343: checking for /usr/bin/ld option to reload object files
configure:5350: result: -r
configure:5424: checking for objdump
configure:5451: result: /usr/bin/x86_64-linux-gnu-objdump
configure:5483: checking how to recognize dependent libraries
configure:5683: result: pass_all
configure:5768: checking for dlltool
configure:5798: result: no
configure:5828: checking how to associate runtime and link libraries
configure:5855: result: printf %s\n
configure:5980: checking for archiver @FILE support
configure:5997: icc.pl -std=gnu89 -c -g -O2 -fdebug-prefix-map=/dev/shm/audit/audit=. -Wformat -march=native -pipe -Wformat-security -Wdate-time -D_FORTIFY_SOURCE=2 conftest.c >&5
configure:5997: $? = 0
configure:6000: xiar.pl cru libconftest.a @conftest.lst >&5
xiar: executing 'ar'
ar: /lib/x86_64-linux-gnu/libz.so.1: no version information available (required by /usr/lib/x86_64-linux-gnu/libbfd-2.31.1-system.so)
ar: `u' modifier ignored since `D' is the default (see `U')
configure:6003: $? = 0
configure:6008: xiar.pl cru libconftest.a @conftest.lst >&5
xiar: executing 'ar'
ar: /lib/x86_64-linux-gnu/libz.so.1: no version information available (required by /usr/lib/x86_64-linux-gnu/libbfd-2.31.1-system.so)
ar: `u' modifier ignored since `D' is the default (see `U')
ar: conftest.o: No such file or directory
configure:6011: $? = 1
configure:6023: result: @
configure:6081: checking for strip
configure:6108: result: /usr/bin/x86_64-linux-gnu-strip
configure:6180: checking for ranlib
configure:6207: result: ranlib
configure:6309: checking command to parse /usr/bin/x86_64-linux-gnu-nm -B output from icc.pl -std=gnu89 object
configure:6462: icc.pl -std=gnu89 -c -g -O2 -fdebug-prefix-map=/dev/shm/audit/audit=. -Wformat -march=native -pipe -Wformat-security -Wdate-time -D_FORTIFY_SOURCE=2 conftest.c >&5
conftest.c(5) (col. 6): remark #1419: external declaration in primary source file
configure:6465: $? = 0
configure:6469: /usr/bin/x86_64-linux-gnu-nm -B conftest.o | sed -n -e 's/^.*[	 ]\([ABCDGIRSTW][ABCDGIRSTW]*\)[	 ][	 ]*\([_A-Za-z][_A-Za-z0-9]*\)$/\1 \2 \2/p' | sed '/ __gnu_lto/d' > conftest.nm
/usr/bin/x86_64-linux-gnu-nm: /lib/x86_64-linux-gnu/libz.so.1: no version information available (required by /usr/lib/x86_64-linux-gnu/libbfd-2.31.1-system.so)
configure:6535: icc.pl -std=gnu89 -o conftest -g -O2 -fdebug-prefix-map=/dev/shm/audit/audit=. -Wformat -march=native -pipe -Wformat-security -Wdate-time -D_FORTIFY_SOURCE=2 -Wl,-z,now -Wl,--as-needed conftest.c conftstm.o >&5
conftest.c(18) (col. 12): remark #1419: external declaration in primary source file
ipo: remark #11000: performing multi-file optimizations
ipo: remark #11006: generating object file /tmp/intel/ipo_iccBLhc60.o
x86_64-linux-gnu-ld: /lib/x86_64-linux-gnu/libz.so.1: no version information available (required by /usr/lib/x86_64-linux-gnu/libbfd-2.31.1-system.so)
configure:6538: $? = 0
configure:6576: result: ok
configure:6623: checking for sysroot
configure:6653: result: no
configure:6660: checking for a working dd
configure:6698: result: /bin/dd
configure:6702: checking how to truncate binary pipes
configure:6717: result: /bin/dd bs=4096 count=1
configure:6853: icc.pl -std=gnu89 -c -g -O2 -fdebug-prefix-map=/dev/shm/audit/audit=. -Wformat -march=native -pipe -Wformat-security -Wdate-time -D_FORTIFY_SOURCE=2 conftest.c >&5
configure:6856: $? = 0
configure:7046: checking for mt
configure:7062: found /bin/mt
configure:7073: result: mt
configure:7096: checking if mt is a manifest tool
configure:7102: mt '-?'
configure:7110: result: no
configure:7787: checking how to run the C preprocessor
configure:7857: result: icc.pl -E
configure:7877: icc.pl -E -Wdate-time -D_FORTIFY_SOURCE=2 conftest.c
configure:7877: $? = 0
configure:7891: icc.pl -E -Wdate-time -D_FORTIFY_SOURCE=2 conftest.c
conftest.c(11) (col. 28): error #2379: cannot open source file "ac_nonexistent.h"
configure:7891: $? = 4
configure: failed program was:
| /* confdefs.h */
| #define PACKAGE_NAME "audit"
| #define PACKAGE_TARNAME "audit"
| #define PACKAGE_VERSION "2.8.4"
| #define PACKAGE_STRING "audit 2.8.4"
| #define PACKAGE_BUGREPORT ""
| #define PACKAGE_URL ""
| #define PACKAGE "audit"
| #define VERSION "2.8.4"
| /* end confdefs.h.  */
| #include <ac_nonexistent.h>
configure:7920: checking for ANSI C header files
configure:8024: result: yes
configure:8037: checking for sys/types.h
configure:8037: result: yes
configure:8037: checking for sys/stat.h
configure:8037: result: yes
configure:8037: checking for stdlib.h
configure:8037: result: yes
configure:8037: checking for string.h
configure:8037: result: yes
configure:8037: checking for memory.h
configure:8037: result: yes
configure:8037: checking for strings.h
configure:8037: result: yes
configure:8037: checking for inttypes.h
configure:8037: result: yes
configure:8037: checking for stdint.h
configure:8037: result: yes
configure:8037: checking for unistd.h
configure:8037: result: yes
configure:8051: checking for dlfcn.h
configure:8051: icc.pl -std=gnu89 -c -g -O2 -fdebug-prefix-map=/dev/shm/audit/audit=. -Wformat -march=native -pipe -Wformat-security -Wdate-time -D_FORTIFY_SOURCE=2 conftest.c >&5
configure:8051: $? = 0
configure:8051: result: yes
configure:8307: checking for objdir
configure:8322: result: .libs
configure:8586: checking if icc.pl -std=gnu89 supports -fno-rtti -fno-exceptions
configure:8604: icc.pl -std=gnu89 -c -g -O2 -fdebug-prefix-map=/dev/shm/audit/audit=. -Wformat -march=native -pipe -Wformat-security -Wdate-time -D_FORTIFY_SOURCE=2 -fno-rtti -fno-exceptions conftest.c >&5
configure:8608: $? = 0
configure:8621: result: yes
configure:8979: checking for icc.pl -std=gnu89 option to produce PIC
configure:8986: result: -fPIC -DPIC
configure:8994: checking if icc.pl -std=gnu89 PIC flag -fPIC -DPIC works
configure:9012: icc.pl -std=gnu89 -c -g -O2 -fdebug-prefix-map=/dev/shm/audit/audit=. -Wformat -march=native -pipe -Wformat-security -Wdate-time -D_FORTIFY_SOURCE=2 -fPIC -DPIC -DPIC conftest.c >&5
configure:9016: $? = 0
configure:9029: result: yes
configure:9058: checking if icc.pl -std=gnu89 static flag -static works
ipo: remark #11001: performing single-file optimizations
ipo: remark #11006: generating object file /tmp/intel/ipo_iccHF1uzu.o
x86_64-linux-gnu-ld: /lib/x86_64-linux-gnu/libz.so.1: no version information available (required by /usr/lib/x86_64-linux-gnu/libbfd-2.31.1-system.so)
x86_64-linux-gnu-ld: /opt/intel/compilers_and_libraries_2019.1.144/linux/compiler/lib/intel64_lin/libiomp5.a(ompt-general.o): in function `ompt_pre_init':
(.text+0x2450): warning: Using 'dlopen' in statically linked applications requires at runtime the shared libraries from the glibc version used for linking
configure:9086: result: no
configure:9101: checking if icc.pl -std=gnu89 supports -c -o file.o
configure:9122: icc.pl -std=gnu89 -c -g -O2 -fdebug-prefix-map=/dev/shm/audit/audit=. -Wformat -march=native -pipe -Wformat-security -Wdate-time -D_FORTIFY_SOURCE=2 -o out/conftest2.o conftest.c >&5
configure:9126: $? = 0
configure:9148: result: yes
configure:9156: checking if icc.pl -std=gnu89 supports -c -o file.o
configure:9203: result: yes
configure:9236: checking whether the icc.pl -std=gnu89 linker (/usr/bin/ld -m elf_x86_64) supports shared libraries
configure:10499: result: yes
configure:10536: checking whether -lc should be explicitly linked in
configure:10544: icc.pl -std=gnu89 -c -g -O2 -fdebug-prefix-map=/dev/shm/audit/audit=. -Wformat -march=native -pipe -Wformat-security -Wdate-time -D_FORTIFY_SOURCE=2 conftest.c >&5
configure:10547: $? = 0
configure:10562: icc.pl -std=gnu89 -shared  -fPIC -DPIC conftest.o  -v -Wl,-soname -Wl,conftest -o conftest 2\>\&1 \| /bin/grep  -lc  \>/dev/null 2\>\&1
configure:10565: $? = 0
configure:10579: result: no
configure:10739: checking dynamic linker characteristics
configure:11320: icc.pl -std=gnu89 -o conftest -g -O2 -fdebug-prefix-map=/dev/shm/audit/audit=. -Wformat -march=native -pipe -Wformat-security -Wdate-time -D_FORTIFY_SOURCE=2 -Wl,-z,now -Wl,--as-needed -Wl,-rpath -Wl,/foo conftest.c  >&5
ipo: remark #11001: performing single-file optimizations
ipo: remark #11006: generating object file /tmp/intel/ipo_iccKWJh4Q.o
x86_64-linux-gnu-ld: /lib/x86_64-linux-gnu/libz.so.1: no version information available (required by /usr/lib/x86_64-linux-gnu/libbfd-2.31.1-system.so)
configure:11320: $? = 0
configure:11569: result: GNU/Linux ld.so
configure:11691: checking how to hardcode library paths into programs
configure:11716: result: immediate
configure:12264: checking whether stripping libraries is possible
configure:12269: result: yes
configure:12304: checking if libtool supports shared libraries
configure:12306: result: yes
configure:12309: checking whether to build shared libraries
configure:12334: result: yes
configure:12337: checking whether to build static libraries
configure:12341: result: yes
configure:12384: checking sys/inotify.h usability
configure:12384: icc.pl -std=gnu89 -c -g -O2 -fdebug-prefix-map=/dev/shm/audit/audit=. -Wformat -march=native -pipe -Wformat-security -Wdate-time -D_FORTIFY_SOURCE=2 conftest.c >&5
configure:12384: $? = 0
configure:12384: result: yes
configure:12384: checking sys/inotify.h presence
configure:12384: icc.pl -E -Wdate-time -D_FORTIFY_SOURCE=2 conftest.c
configure:12384: $? = 0
configure:12384: result: yes
configure:12384: checking for sys/inotify.h
configure:12384: result: yes
configure:12384: checking sys/epoll.h usability
configure:12384: icc.pl -std=gnu89 -c -g -O2 -fdebug-prefix-map=/dev/shm/audit/audit=. -Wformat -march=native -pipe -Wformat-security -Wdate-time -D_FORTIFY_SOURCE=2 conftest.c >&5
configure:12384: $? = 0
configure:12384: result: yes
configure:12384: checking sys/epoll.h presence
configure:12384: icc.pl -E -Wdate-time -D_FORTIFY_SOURCE=2 conftest.c
configure:12384: $? = 0
configure:12384: result: yes
configure:12384: checking for sys/epoll.h
configure:12384: result: yes
configure:12384: checking sys/event.h usability
configure:12384: icc.pl -std=gnu89 -c -g -O2 -fdebug-prefix-map=/dev/shm/audit/audit=. -Wformat -march=native -pipe -Wformat-security -Wdate-time -D_FORTIFY_SOURCE=2 conftest.c >&5
conftest.c(58) (col. 23): catastrophic error: cannot open source file "sys/event.h"
configure:12384: $? = 4
configure: failed program was:
| /* confdefs.h */
| #define PACKAGE_NAME "audit"
| #define PACKAGE_TARNAME "audit"
| #define PACKAGE_VERSION "2.8.4"
| #define PACKAGE_STRING "audit 2.8.4"
| #define PACKAGE_BUGREPORT ""
| #define PACKAGE_URL ""
| #define PACKAGE "audit"
| #define VERSION "2.8.4"
| #define STDC_HEADERS 1
| #define HAVE_SYS_TYPES_H 1
| #define HAVE_SYS_STAT_H 1
| #define HAVE_STDLIB_H 1
| #define HAVE_STRING_H 1
| #define HAVE_MEMORY_H 1
| #define HAVE_STRINGS_H 1
| #define HAVE_INTTYPES_H 1
| #define HAVE_STDINT_H 1
| #define HAVE_UNISTD_H 1
| #define HAVE_DLFCN_H 1
| #define LT_OBJDIR ".libs/"
| #define HAVE_SYS_INOTIFY_H 1
| #define HAVE_SYS_EPOLL_H 1
| /* end confdefs.h.  */
| #include <stdio.h>
| #ifdef HAVE_SYS_TYPES_H
| # include <sys/types.h>
| #endif
| #ifdef HAVE_SYS_STAT_H
| # include <sys/stat.h>
| #endif
| #ifdef STDC_HEADERS
| # include <stdlib.h>
| # include <stddef.h>
| #else
| # ifdef HAVE_STDLIB_H
| #  include <stdlib.h>
| # endif
| #endif
| #ifdef HAVE_STRING_H
| # if !defined STDC_HEADERS && defined HAVE_MEMORY_H
| #  include <memory.h>
| # endif
| # include <string.h>
| #endif
| #ifdef HAVE_STRINGS_H
| # include <strings.h>
| #endif
| #ifdef HAVE_INTTYPES_H
| # include <inttypes.h>
| #endif
| #ifdef HAVE_STDINT_H
| # include <stdint.h>
| #endif
| #ifdef HAVE_UNISTD_H
| # include <unistd.h>
| #endif
| #include <sys/event.h>
configure:12384: result: no
configure:12384: checking sys/event.h presence
configure:12384: icc.pl -E -Wdate-time -D_FORTIFY_SOURCE=2 conftest.c
conftest.c(25) (col. 23): error #2379: cannot open source file "sys/event.h"
configure:12384: $? = 4
configure: failed program was:
| /* confdefs.h */
| #define PACKAGE_NAME "audit"
| #define PACKAGE_TARNAME "audit"
| #define PACKAGE_VERSION "2.8.4"
| #define PACKAGE_STRING "audit 2.8.4"
| #define PACKAGE_BUGREPORT ""
| #define PACKAGE_URL ""
| #define PACKAGE "audit"
| #define VERSION "2.8.4"
| #define STDC_HEADERS 1
| #define HAVE_SYS_TYPES_H 1
| #define HAVE_SYS_STAT_H 1
| #define HAVE_STDLIB_H 1
| #define HAVE_STRING_H 1
| #define HAVE_MEMORY_H 1
| #define HAVE_STRINGS_H 1
| #define HAVE_INTTYPES_H 1
| #define HAVE_STDINT_H 1
| #define HAVE_UNISTD_H 1
| #define HAVE_DLFCN_H 1
| #define LT_OBJDIR ".libs/"
| #define HAVE_SYS_INOTIFY_H 1
| #define HAVE_SYS_EPOLL_H 1
| /* end confdefs.h.  */
| #include <sys/event.h>
configure:12384: result: no
configure:12384: checking for sys/event.h
configure:12384: result: no
configure:12384: checking port.h usability
configure:12384: icc.pl -std=gnu89 -c -g -O2 -fdebug-prefix-map=/dev/shm/audit/audit=. -Wformat -march=native -pipe -Wformat-security -Wdate-time -D_FORTIFY_SOURCE=2 conftest.c >&5
conftest.c(58) (col. 18): catastrophic error: cannot open source file "port.h"
configure:12384: $? = 4
configure: failed program was:
| /* confdefs.h */
| #define PACKAGE_NAME "audit"
| #define PACKAGE_TARNAME "audit"
| #define PACKAGE_VERSION "2.8.4"
| #define PACKAGE_STRING "audit 2.8.4"
| #define PACKAGE_BUGREPORT ""
| #define PACKAGE_URL ""
| #define PACKAGE "audit"
| #define VERSION "2.8.4"
| #define STDC_HEADERS 1
| #define HAVE_SYS_TYPES_H 1
| #define HAVE_SYS_STAT_H 1
| #define HAVE_STDLIB_H 1
| #define HAVE_STRING_H 1
| #define HAVE_MEMORY_H 1
| #define HAVE_STRINGS_H 1
| #define HAVE_INTTYPES_H 1
| #define HAVE_STDINT_H 1
| #define HAVE_UNISTD_H 1
| #define HAVE_DLFCN_H 1
| #define LT_OBJDIR ".libs/"
| #define HAVE_SYS_INOTIFY_H 1
| #define HAVE_SYS_EPOLL_H 1
| /* end confdefs.h.  */
| #include <stdio.h>
| #ifdef HAVE_SYS_TYPES_H
| # include <sys/types.h>
| #endif
| #ifdef HAVE_SYS_STAT_H
| # include <sys/stat.h>
| #endif
| #ifdef STDC_HEADERS
| # include <stdlib.h>
| # include <stddef.h>
| #else
| # ifdef HAVE_STDLIB_H
| #  include <stdlib.h>
| # endif
| #endif
| #ifdef HAVE_STRING_H
| # if !defined STDC_HEADERS && defined HAVE_MEMORY_H
| #  include <memory.h>
| # endif
| # include <string.h>
| #endif
| #ifdef HAVE_STRINGS_H
| # include <strings.h>
| #endif
| #ifdef HAVE_INTTYPES_H
| # include <inttypes.h>
| #endif
| #ifdef HAVE_STDINT_H
| # include <stdint.h>
| #endif
| #ifdef HAVE_UNISTD_H
| # include <unistd.h>
| #endif
| #include <port.h>
configure:12384: result: no
configure:12384: checking port.h presence
configure:12384: icc.pl -E -Wdate-time -D_FORTIFY_SOURCE=2 conftest.c
conftest.c(25) (col. 18): error #2379: cannot open source file "port.h"
configure:12384: $? = 4
configure: failed program was:
| /* confdefs.h */
| #define PACKAGE_NAME "audit"
| #define PACKAGE_TARNAME "audit"
| #define PACKAGE_VERSION "2.8.4"
| #define PACKAGE_STRING "audit 2.8.4"
| #define PACKAGE_BUGREPORT ""
| #define PACKAGE_URL ""
| #define PACKAGE "audit"
| #define VERSION "2.8.4"
| #define STDC_HEADERS 1
| #define HAVE_SYS_TYPES_H 1
| #define HAVE_SYS_STAT_H 1
| #define HAVE_STDLIB_H 1
| #define HAVE_STRING_H 1
| #define HAVE_MEMORY_H 1
| #define HAVE_STRINGS_H 1
| #define HAVE_INTTYPES_H 1
| #define HAVE_STDINT_H 1
| #define HAVE_UNISTD_H 1
| #define HAVE_DLFCN_H 1
| #define LT_OBJDIR ".libs/"
| #define HAVE_SYS_INOTIFY_H 1
| #define HAVE_SYS_EPOLL_H 1
| /* end confdefs.h.  */
| #include <port.h>
configure:12384: result: no
configure:12384: checking for port.h
configure:12384: result: no
configure:12384: checking poll.h usability
configure:12384: icc.pl -std=gnu89 -c -g -O2 -fdebug-prefix-map=/dev/shm/audit/audit=. -Wformat -march=native -pipe -Wformat-security -Wdate-time -D_FORTIFY_SOURCE=2 conftest.c >&5
configure:12384: $? = 0
configure:12384: result: yes
configure:12384: checking poll.h presence
configure:12384: icc.pl -E -Wdate-time -D_FORTIFY_SOURCE=2 conftest.c
configure:12384: $? = 0
configure:12384: result: yes
configure:12384: checking for poll.h
configure:12384: result: yes
configure:12384: checking sys/select.h usability
configure:12384: icc.pl -std=gnu89 -c -g -O2 -fdebug-prefix-map=/dev/shm/audit/audit=. -Wformat -march=native -pipe -Wformat-security -Wdate-time -D_FORTIFY_SOURCE=2 conftest.c >&5
configure:12384: $? = 0
configure:12384: result: yes
configure:12384: checking sys/select.h presence
configure:12384: icc.pl -E -Wdate-time -D_FORTIFY_SOURCE=2 conftest.c
configure:12384: $? = 0
configure:12384: result: yes
configure:12384: checking for sys/select.h
configure:12384: result: yes
configure:12384: checking sys/eventfd.h usability
configure:12384: icc.pl -std=gnu89 -c -g -O2 -fdebug-prefix-map=/dev/shm/audit/audit=. -Wformat -march=native -pipe -Wformat-security -Wdate-time -D_FORTIFY_SOURCE=2 conftest.c >&5
configure:12384: $? = 0
configure:12384: result: yes
configure:12384: checking sys/eventfd.h presence
configure:12384: icc.pl -E -Wdate-time -D_FORTIFY_SOURCE=2 conftest.c
configure:12384: $? = 0
configure:12384: result: yes
configure:12384: checking for sys/eventfd.h
configure:12384: result: yes
configure:12384: checking sys/signalfd.h usability
configure:12384: icc.pl -std=gnu89 -c -g -O2 -fdebug-prefix-map=/dev/shm/audit/audit=. -Wformat -march=native -pipe -Wformat-security -Wdate-time -D_FORTIFY_SOURCE=2 conftest.c >&5
configure:12384: $? = 0
configure:12384: result: yes
configure:12384: checking sys/signalfd.h presence
configure:12384: icc.pl -E -Wdate-time -D_FORTIFY_SOURCE=2 conftest.c
configure:12384: $? = 0
configure:12384: result: yes
configure:12384: checking for sys/signalfd.h
configure:12384: result: yes
configure:12398: checking for inotify_init
configure:12398: icc.pl -std=gnu89 -o conftest -g -O2 -fdebug-prefix-map=/dev/shm/audit/audit=. -Wformat -march=native -pipe -Wformat-security -Wdate-time -D_FORTIFY_SOURCE=2 -Wl,-z,now -Wl,--as-needed conftest.c  >&5
conftest.c(52) (col. 6): remark #1419: external declaration in primary source file
conftest.c(65) (col. 3): remark #111: statement is unreachable
ipo: remark #11001: performing single-file optimizations
ipo: remark #11006: generating object file /tmp/intel/ipo_icc6VFUKY.o
x86_64-linux-gnu-ld: /lib/x86_64-linux-gnu/libz.so.1: no version information available (required by /usr/lib/x86_64-linux-gnu/libbfd-2.31.1-system.so)
configure:12398: $? = 0
configure:12398: result: yes
configure:12398: checking for epoll_ctl
configure:12398: icc.pl -std=gnu89 -o conftest -g -O2 -fdebug-prefix-map=/dev/shm/audit/audit=. -Wformat -march=native -pipe -Wformat-security -Wdate-time -D_FORTIFY_SOURCE=2 -Wl,-z,now -Wl,--as-needed conftest.c  >&5
conftest.c(53) (col. 6): remark #1419: external declaration in primary source file
conftest.c(66) (col. 3): remark #111: statement is unreachable
ipo: remark #11001: performing single-file optimizations
ipo: remark #11006: generating object file /tmp/intel/ipo_iccu52oUM.o
x86_64-linux-gnu-ld: /lib/x86_64-linux-gnu/libz.so.1: no version information available (required by /usr/lib/x86_64-linux-gnu/libbfd-2.31.1-system.so)
configure:12398: $? = 0
configure:12398: result: yes
configure:12398: checking for kqueue
configure:12398: icc.pl -std=gnu89 -o conftest -g -O2 -fdebug-prefix-map=/dev/shm/audit/audit=. -Wformat -march=native -pipe -Wformat-security -Wdate-time -D_FORTIFY_SOURCE=2 -Wl,-z,now -Wl,--as-needed conftest.c  >&5
conftest.c(54) (col. 6): remark #1419: external declaration in primary source file
conftest.c(67) (col. 3): remark #111: statement is unreachable
ipo: warning #11021: unresolved kqueue
        Referenced in /tmp/intel/ipo_iccEmFkjx.o
ipo: remark #11001: performing single-file optimizations
ipo: remark #11006: generating object file /tmp/intel/ipo_iccEmFkjx.o
x86_64-linux-gnu-ld: /lib/x86_64-linux-gnu/libz.so.1: no version information available (required by /usr/lib/x86_64-linux-gnu/libbfd-2.31.1-system.so)
x86_64-linux-gnu-ld: /tmp/intel/ipo_iccEmFkjx.o: in function `main':
/dev/shm/audit/audit/debian/build/conftest.c:65: undefined reference to `kqueue'
configure:12398: $? = 1
configure: failed program was:
| /* confdefs.h */
| #define PACKAGE_NAME "audit"
| #define PACKAGE_TARNAME "audit"
| #define PACKAGE_VERSION "2.8.4"
| #define PACKAGE_STRING "audit 2.8.4"
| #define PACKAGE_BUGREPORT ""
| #define PACKAGE_URL ""
| #define PACKAGE "audit"
| #define VERSION "2.8.4"
| #define STDC_HEADERS 1
| #define HAVE_SYS_TYPES_H 1
| #define HAVE_SYS_STAT_H 1
| #define HAVE_STDLIB_H 1
| #define HAVE_STRING_H 1
| #define HAVE_MEMORY_H 1
| #define HAVE_STRINGS_H 1
| #define HAVE_INTTYPES_H 1
| #define HAVE_STDINT_H 1
| #define HAVE_UNISTD_H 1
| #define HAVE_DLFCN_H 1
| #define LT_OBJDIR ".libs/"
| #define HAVE_SYS_INOTIFY_H 1
| #define HAVE_SYS_EPOLL_H 1
| #define HAVE_POLL_H 1
| #define HAVE_SYS_SELECT_H 1
| #define HAVE_SYS_EVENTFD_H 1
| #define HAVE_SYS_SIGNALFD_H 1
| #define HAVE_INOTIFY_INIT 1
| #define HAVE_EPOLL_CTL 1
| /* end confdefs.h.  */
| /* Define kqueue to an innocuous variant, in case <limits.h> declares kqueue.
|    For example, HP-UX 11i <limits.h> declares gettimeofday.  */
| #define kqueue innocuous_kqueue
| 
| /* System header to define __stub macros and hopefully few prototypes,
|     which can conflict with char kqueue (); below.
|     Prefer <limits.h> to <assert.h> if __STDC__ is defined, since
|     <limits.h> exists even on freestanding compilers.  */
| 
| #ifdef __STDC__
| # include <limits.h>
| #else
| # include <assert.h>
| #endif
| 
| #undef kqueue
| 
| /* Override any GCC internal prototype to avoid an error.
|    Use char because int might match the return type of a GCC
|    builtin and then its argument prototype would still apply.  */
| #ifdef __cplusplus
| extern "C"
| #endif
| char kqueue ();
| /* The GNU C library defines this for functions which it implements
|     to always fail with ENOSYS.  Some functions are actually named
|     something starting with __ and the normal name is an alias.  */
| #if defined __stub_kqueue || defined __stub___kqueue
| choke me
| #endif
| 
| int
| main ()
| {
| return kqueue ();
|   ;
|   return 0;
| }
configure:12398: result: no
configure:12398: checking for port_create
configure:12398: icc.pl -std=gnu89 -o conftest -g -O2 -fdebug-prefix-map=/dev/shm/audit/audit=. -Wformat -march=native -pipe -Wformat-security -Wdate-time -D_FORTIFY_SOURCE=2 -Wl,-z,now -Wl,--as-needed conftest.c  >&5
conftest.c(54) (col. 6): remark #1419: external declaration in primary source file
conftest.c(67) (col. 3): remark #111: statement is unreachable
ipo: warning #11021: unresolved port_create
        Referenced in /tmp/intel/ipo_icczKY6Z3.o
ipo: remark #11001: performing single-file optimizations
ipo: remark #11006: generating object file /tmp/intel/ipo_icczKY6Z3.o
x86_64-linux-gnu-ld: /lib/x86_64-linux-gnu/libz.so.1: no version information available (required by /usr/lib/x86_64-linux-gnu/libbfd-2.31.1-system.so)
x86_64-linux-gnu-ld: /tmp/intel/ipo_icczKY6Z3.o: in function `main':
/dev/shm/audit/audit/debian/build/conftest.c:65: undefined reference to `port_create'
configure:12398: $? = 1
configure: failed program was:
| /* confdefs.h */
| #define PACKAGE_NAME "audit"
| #define PACKAGE_TARNAME "audit"
| #define PACKAGE_VERSION "2.8.4"
| #define PACKAGE_STRING "audit 2.8.4"
| #define PACKAGE_BUGREPORT ""
| #define PACKAGE_URL ""
| #define PACKAGE "audit"
| #define VERSION "2.8.4"
| #define STDC_HEADERS 1
| #define HAVE_SYS_TYPES_H 1
| #define HAVE_SYS_STAT_H 1
| #define HAVE_STDLIB_H 1
| #define HAVE_STRING_H 1
| #define HAVE_MEMORY_H 1
| #define HAVE_STRINGS_H 1
| #define HAVE_INTTYPES_H 1
| #define HAVE_STDINT_H 1
| #define HAVE_UNISTD_H 1
| #define HAVE_DLFCN_H 1
| #define LT_OBJDIR ".libs/"
| #define HAVE_SYS_INOTIFY_H 1
| #define HAVE_SYS_EPOLL_H 1
| #define HAVE_POLL_H 1
| #define HAVE_SYS_SELECT_H 1
| #define HAVE_SYS_EVENTFD_H 1
| #define HAVE_SYS_SIGNALFD_H 1
| #define HAVE_INOTIFY_INIT 1
| #define HAVE_EPOLL_CTL 1
| /* end confdefs.h.  */
| /* Define port_create to an innocuous variant, in case <limits.h> declares port_create.
|    For example, HP-UX 11i <limits.h> declares gettimeofday.  */
| #define port_create innocuous_port_create
| 
| /* System header to define __stub macros and hopefully few prototypes,
|     which can conflict with char port_create (); below.
|     Prefer <limits.h> to <assert.h> if __STDC__ is defined, since
|     <limits.h> exists even on freestanding compilers.  */
| 
| #ifdef __STDC__
| # include <limits.h>
| #else
| # include <assert.h>
| #endif
| 
| #undef port_create
| 
| /* Override any GCC internal prototype to avoid an error.
|    Use char because int might match the return type of a GCC
|    builtin and then its argument prototype would still apply.  */
| #ifdef __cplusplus
| extern "C"
| #endif
| char port_create ();
| /* The GNU C library defines this for functions which it implements
|     to always fail with ENOSYS.  Some functions are actually named
|     something starting with __ and the normal name is an alias.  */
| #if defined __stub_port_create || defined __stub___port_create
| choke me
| #endif
| 
| int
| main ()
| {
| return port_create ();
|   ;
|   return 0;
| }
configure:12398: result: no
configure:12398: checking for poll
configure:12398: icc.pl -std=gnu89 -o conftest -g -O2 -fdebug-prefix-map=/dev/shm/audit/audit=. -Wformat -march=native -pipe -Wformat-security -Wdate-time -D_FORTIFY_SOURCE=2 -Wl,-z,now -Wl,--as-needed conftest.c  >&5
conftest.c(54) (col. 6): remark #1419: external declaration in primary source file
conftest.c(67) (col. 3): remark #111: statement is unreachable
ipo: remark #11001: performing single-file optimizations
ipo: remark #11006: generating object file /tmp/intel/ipo_icchVJcOO.o
x86_64-linux-gnu-ld: /lib/x86_64-linux-gnu/libz.so.1: no version information available (required by /usr/lib/x86_64-linux-gnu/libbfd-2.31.1-system.so)
configure:12398: $? = 0
configure:12398: result: yes
configure:12398: checking for select
configure:12398: icc.pl -std=gnu89 -o conftest -g -O2 -fdebug-prefix-map=/dev/shm/audit/audit=. -Wformat -march=native -pipe -Wformat-security -Wdate-time -D_FORTIFY_SOURCE=2 -Wl,-z,now -Wl,--as-needed conftest.c  >&5
conftest.c(55) (col. 6): remark #1419: external declaration in primary source file
conftest.c(68) (col. 3): remark #111: statement is unreachable
ipo: remark #11001: performing single-file optimizations
ipo: remark #11006: generating object file /tmp/intel/ipo_icc4YLYoy.o
x86_64-linux-gnu-ld: /lib/x86_64-linux-gnu/libz.so.1: no version information available (required by /usr/lib/x86_64-linux-gnu/libbfd-2.31.1-system.so)
configure:12398: $? = 0
configure:12398: result: yes
configure:12398: checking for eventfd
configure:12398: icc.pl -std=gnu89 -o conftest -g -O2 -fdebug-prefix-map=/dev/shm/audit/audit=. -Wformat -march=native -pipe -Wformat-security -Wdate-time -D_FORTIFY_SOURCE=2 -Wl,-z,now -Wl,--as-needed conftest.c  >&5
conftest.c(56) (col. 6): remark #1419: external declaration in primary source file
conftest.c(69) (col. 3): remark #111: statement is unreachable
ipo: remark #11001: performing single-file optimizations
ipo: remark #11006: generating object file /tmp/intel/ipo_iccn1Y095.o
x86_64-linux-gnu-ld: /lib/x86_64-linux-gnu/libz.so.1: no version information available (required by /usr/lib/x86_64-linux-gnu/libbfd-2.31.1-system.so)
configure:12398: $? = 0
configure:12398: result: yes
configure:12398: checking for signalfd
configure:12398: icc.pl -std=gnu89 -o conftest -g -O2 -fdebug-prefix-map=/dev/shm/audit/audit=. -Wformat -march=native -pipe -Wformat-security -Wdate-time -D_FORTIFY_SOURCE=2 -Wl,-z,now -Wl,--as-needed conftest.c  >&5
conftest.c(57) (col. 6): remark #1419: external declaration in primary source file
conftest.c(70) (col. 3): remark #111: statement is unreachable
ipo: remark #11001: performing single-file optimizations
ipo: remark #11006: generating object file /tmp/intel/ipo_iccvrarSP.o
x86_64-linux-gnu-ld: /lib/x86_64-linux-gnu/libz.so.1: no version information available (required by /usr/lib/x86_64-linux-gnu/libbfd-2.31.1-system.so)
configure:12398: $? = 0
configure:12398: result: yes
configure:12410: checking for clock_gettime
configure:12410: icc.pl -std=gnu89 -o conftest -g -O2 -fdebug-prefix-map=/dev/shm/audit/audit=. -Wformat -march=native -pipe -Wformat-security -Wdate-time -D_FORTIFY_SOURCE=2 -Wl,-z,now -Wl,--as-needed conftest.c  >&5
conftest.c(58) (col. 6): remark #1419: external declaration in primary source file
conftest.c(71) (col. 3): remark #111: statement is unreachable
ipo: remark #11001: performing single-file optimizations
ipo: remark #11006: generating object file /tmp/intel/ipo_iccBRT9gy.o
x86_64-linux-gnu-ld: /lib/x86_64-linux-gnu/libz.so.1: no version information available (required by /usr/lib/x86_64-linux-gnu/libbfd-2.31.1-system.so)
configure:12410: $? = 0
configure:12410: result: yes
configure:12514: checking for nanosleep
configure:12514: icc.pl -std=gnu89 -o conftest -g -O2 -fdebug-prefix-map=/dev/shm/audit/audit=. -Wformat -march=native -pipe -Wformat-security -Wdate-time -D_FORTIFY_SOURCE=2 -Wl,-z,now -Wl,--as-needed conftest.c  >&5
conftest.c(59) (col. 6): remark #1419: external declaration in primary source file
conftest.c(72) (col. 3): remark #111: statement is unreachable
ipo: remark #11001: performing single-file optimizations
ipo: remark #11006: generating object file /tmp/intel/ipo_iccKGW2l6.o
x86_64-linux-gnu-ld: /lib/x86_64-linux-gnu/libz.so.1: no version information available (required by /usr/lib/x86_64-linux-gnu/libbfd-2.31.1-system.so)
configure:12514: $? = 0
configure:12514: result: yes
configure:12589: checking for library containing floor
configure:12620: icc.pl -std=gnu89 -o conftest -g -O2 -fdebug-prefix-map=/dev/shm/audit/audit=. -Wformat -march=native -pipe -Wformat-security -Wdate-time -D_FORTIFY_SOURCE=2 -Wl,-z,now -Wl,--as-needed conftest.c  >&5
conftest.c(44) (col. 6): remark #1419: external declaration in primary source file
conftest.c(50) (col. 3): remark #111: statement is unreachable
ipo: remark #11001: performing single-file optimizations
ipo: remark #11006: generating object file /tmp/intel/ipo_icciYu50P.o
x86_64-linux-gnu-ld: /lib/x86_64-linux-gnu/libz.so.1: no version information available (required by /usr/lib/x86_64-linux-gnu/libbfd-2.31.1-system.so)
configure:12620: $? = 0
configure:12637: result: none required
configure:12703: checking for gcc
configure:12730: result: icc.pl
configure:12959: checking for C compiler version
configure:12968: icc.pl --version >&5
icc (ICC) 19.0.1.144 20181018
Copyright (C) 1985-2018 Intel Corporation.  All rights reserved.

configure:12979: $? = 0
configure:12968: icc.pl -v >&5
__INTEL_PRE_CFLAGS options:  
-diag-enableall
-diag-disable=10013,10385,10237,10346
-diag-error-limit=1
-diag-onceall
-Wremarks
-w3
-Wbrief

__INTEL_POST_CFLAGS options:  
... rest of stderr output deleted ...
configure:12979: $? = 1
configure:12968: icc.pl -V >&5
GNU ld (GNU Binutils for Debian) 2.31.1
Intel(R) C Intel(R) 64 Compiler for applications running on Intel(R) 64, Version 19.0.1.144 Build 20181018
Copyright (C) 1985-2018 Intel Corporation.  All rights reserved.

x86_64-linux-gnu-ld: /lib/x86_64-linux-gnu/libz.so.1: no version information available (required by /usr/lib/x86_64-linux-gnu/libbfd-2.31.1-system.so)
x86_64-linux-gnu-ld: /usr/lib/gcc/x86_64-linux-gnu/8/../../../x86_64-linux-gnu/Scrt1.o: in function `_start':
(.text+0x20): undefined reference to `main'
configure:12979: $? = 1
configure:12968: icc.pl -qversion >&5
x86_64-linux-gnu-ld: /lib/x86_64-linux-gnu/libz.so.1: no version information available (required by /usr/lib/x86_64-linux-gnu/libbfd-2.31.1-system.so)
x86_64-linux-gnu-ld: /usr/lib/gcc/x86_64-linux-gnu/8/../../../x86_64-linux-gnu/Scrt1.o: in function `_start':
(.text+0x20): undefined reference to `main'
configure:12979: $? = 1
configure:12983: checking whether we are using the GNU C compiler
configure:13011: result: yes
configure:13020: checking whether icc.pl accepts -g
configure:13081: result: yes
configure:13098: checking for icc.pl option to accept ISO C89
configure:13181: result: -std=gnu89
configure:13199: checking whether icc.pl -std=gnu89 understands -c and -o together
configure:13236: result: yes
configure:13255: checking dependency style of icc.pl -std=gnu89
configure:13366: result: none
configure:13386: checking for gawk
configure:13413: result: /usr/bin/gawk
configure:13480: checking for gcc
configure:13507: result: icc.pl
configure:13736: checking for C compiler version
configure:13745: icc.pl --version >&5
icc (ICC) 19.0.1.144 20181018
Copyright (C) 1985-2018 Intel Corporation.  All rights reserved.

configure:13756: $? = 0
configure:13745: icc.pl -v >&5
__INTEL_PRE_CFLAGS options:  
-diag-enableall
-diag-disable=10013,10385,10237,10346
-diag-error-limit=1
-diag-onceall
-Wremarks
-w3
-Wbrief

__INTEL_POST_CFLAGS options:  
... rest of stderr output deleted ...
configure:13756: $? = 1
configure:13745: icc.pl -V >&5
GNU ld (GNU Binutils for Debian) 2.31.1
Intel(R) C Intel(R) 64 Compiler for applications running on Intel(R) 64, Version 19.0.1.144 Build 20181018
Copyright (C) 1985-2018 Intel Corporation.  All rights reserved.

x86_64-linux-gnu-ld: /lib/x86_64-linux-gnu/libz.so.1: no version information available (required by /usr/lib/x86_64-linux-gnu/libbfd-2.31.1-system.so)
x86_64-linux-gnu-ld: /usr/lib/gcc/x86_64-linux-gnu/8/../../../x86_64-linux-gnu/Scrt1.o: in function `_start':
(.text+0x20): undefined reference to `main'
configure:13756: $? = 1
configure:13745: icc.pl -qversion >&5
x86_64-linux-gnu-ld: /lib/x86_64-linux-gnu/libz.so.1: no version information available (required by /usr/lib/x86_64-linux-gnu/libbfd-2.31.1-system.so)
x86_64-linux-gnu-ld: /usr/lib/gcc/x86_64-linux-gnu/8/../../../x86_64-linux-gnu/Scrt1.o: in function `_start':
(.text+0x20): undefined reference to `main'
configure:13756: $? = 1
configure:13760: checking whether we are using the GNU C compiler
configure:13788: result: yes
configure:13797: checking whether icc.pl accepts -g
configure:13817: icc.pl -std=gnu89 -c -g -O2 -fdebug-prefix-map=/dev/shm/audit/audit=. -Wformat -march=native -pipe -Wformat-security -Wdate-time -D_FORTIFY_SOURCE=2 conftest.c >&5
configure:13817: $? = 0
configure:13858: result: yes
configure:13875: checking for icc.pl option to accept ISO C89
configure:13958: result: -std=gnu89
configure:13976: checking whether icc.pl -std=gnu89 understands -c and -o together
configure:14013: result: yes
configure:14032: checking dependency style of icc.pl -std=gnu89
configure:14143: result: none
configure:14163: checking how to run the C preprocessor
configure:14233: result: icc.pl -E
configure:14253: icc.pl -E -Wdate-time -D_FORTIFY_SOURCE=2 conftest.c
configure:14253: $? = 0
configure:14267: icc.pl -E -Wdate-time -D_FORTIFY_SOURCE=2 conftest.c
conftest.c(38) (col. 28): error #2379: cannot open source file "ac_nonexistent.h"
configure:14267: $? = 4
configure: failed program was:
| /* confdefs.h */
| #define PACKAGE_NAME "audit"
| #define PACKAGE_TARNAME "audit"
| #define PACKAGE_VERSION "2.8.4"
| #define PACKAGE_STRING "audit 2.8.4"
| #define PACKAGE_BUGREPORT ""
| #define PACKAGE_URL ""
| #define PACKAGE "audit"
| #define VERSION "2.8.4"
| #define STDC_HEADERS 1
| #define HAVE_SYS_TYPES_H 1
| #define HAVE_SYS_STAT_H 1
| #define HAVE_STDLIB_H 1
| #define HAVE_STRING_H 1
| #define HAVE_MEMORY_H 1
| #define HAVE_STRINGS_H 1
| #define HAVE_INTTYPES_H 1
| #define HAVE_STDINT_H 1
| #define HAVE_UNISTD_H 1
| #define HAVE_DLFCN_H 1
| #define LT_OBJDIR ".libs/"
| #define HAVE_SYS_INOTIFY_H 1
| #define HAVE_SYS_EPOLL_H 1
| #define HAVE_POLL_H 1
| #define HAVE_SYS_SELECT_H 1
| #define HAVE_SYS_EVENTFD_H 1
| #define HAVE_SYS_SIGNALFD_H 1
| #define HAVE_INOTIFY_INIT 1
| #define HAVE_EPOLL_CTL 1
| #define HAVE_POLL 1
| #define HAVE_SELECT 1
| #define HAVE_EVENTFD 1
| #define HAVE_SIGNALFD 1
| #define HAVE_CLOCK_GETTIME 1
| #define HAVE_NANOSLEEP 1
| #define HAVE_FLOOR 1
| /* end confdefs.h.  */
| #include <ac_nonexistent.h>
configure:14307: checking for ANSI C header files
configure:14411: result: yes
configure:14419: checking whether time.h and sys/time.h may both be included
configure:14446: result: yes
configure:14455: checking for an ANSI C-conforming const
configure:14521: icc.pl -std=gnu89 -c -g -O2 -fdebug-prefix-map=/dev/shm/audit/audit=. -Wformat -march=native -pipe -Wformat-security -Wdate-time -D_FORTIFY_SOURCE=2 conftest.c >&5
conftest.c(96) (col. 3): remark #111: statement is unreachable
configure:14521: $? = 0
configure:14528: result: yes
configure:14536: checking for inline
configure:14552: icc.pl -std=gnu89 -c -g -O2 -fdebug-prefix-map=/dev/shm/audit/audit=. -Wformat -march=native -pipe -Wformat-security -Wdate-time -D_FORTIFY_SOURCE=2 conftest.c >&5
conftest.c(42) (col. 21): remark #177: function "static_foo" was declared but never referenced
configure:14552: $? = 0
configure:14560: result: inline
configure:14582: checking size of unsigned int
configure:14587: icc.pl -std=gnu89 -o conftest -g -O2 -fdebug-prefix-map=/dev/shm/audit/audit=. -Wformat -march=native -pipe -Wformat-security -Wdate-time -D_FORTIFY_SOURCE=2 -Wl,-z,now -Wl,--as-needed conftest.c  >&5
conftest.c(103) (col. 3): remark #111: statement is unreachable
ipo: remark #11001: performing single-file optimizations
ipo: remark #11006: generating object file /tmp/intel/ipo_iccBtQGCD.o
x86_64-linux-gnu-ld: /lib/x86_64-linux-gnu/libz.so.1: no version information available (required by /usr/lib/x86_64-linux-gnu/libbfd-2.31.1-system.so)
configure:14587: $? = 0
configure:14587: ./conftest
configure:14587: $? = 0
configure:14601: result: 4
configure:14615: checking size of unsigned long
configure:14620: icc.pl -std=gnu89 -o conftest -g -O2 -fdebug-prefix-map=/dev/shm/audit/audit=. -Wformat -march=native -pipe -Wformat-security -Wdate-time -D_FORTIFY_SOURCE=2 -Wl,-z,now -Wl,--as-needed conftest.c  >&5
conftest.c(104) (col. 3): remark #111: statement is unreachable
ipo: remark #11001: performing single-file optimizations
ipo: remark #11006: generating object file /tmp/intel/ipo_iccVe77ao.o
x86_64-linux-gnu-ld: /lib/x86_64-linux-gnu/libz.so.1: no version information available (required by /usr/lib/x86_64-linux-gnu/libbfd-2.31.1-system.so)
configure:14620: $? = 0
configure:14620: ./conftest
configure:14620: $? = 0
configure:14634: result: 8
configure:14645: checking whether AUDIT_FEATURE_VERSION is declared
configure:14645: icc.pl -std=gnu89 -c -g -O2 -fdebug-prefix-map=/dev/shm/audit/audit=. -Wformat -march=native -pipe -Wformat-security -Wdate-time -D_FORTIFY_SOURCE=2 conftest.c >&5
configure:14645: $? = 0
configure:14645: result: yes
configure:14657: checking for struct audit_status.feature_bitmap
configure:14657: icc.pl -std=gnu89 -c -g -O2 -fdebug-prefix-map=/dev/shm/audit/audit=. -Wformat -march=native -pipe -Wformat-security -Wdate-time -D_FORTIFY_SOURCE=2 conftest.c >&5
configure:14657: $? = 0
configure:14657: result: yes
configure:14668: checking whether AUDIT_VERSION_BACKLOG_WAIT_TIME is declared
configure:14668: icc.pl -std=gnu89 -c -g -O2 -fdebug-prefix-map=/dev/shm/audit/audit=. -Wformat -march=native -pipe -Wformat-security -Wdate-time -D_FORTIFY_SOURCE=2 conftest.c >&5
configure:14668: $? = 0
configure:14668: result: yes
configure:14680: checking whether AUDIT_STATUS_BACKLOG_WAIT_TIME is declared
configure:14680: icc.pl -std=gnu89 -c -g -O2 -fdebug-prefix-map=/dev/shm/audit/audit=. -Wformat -march=native -pipe -Wformat-security -Wdate-time -D_FORTIFY_SOURCE=2 conftest.c >&5
configure:14680: $? = 0
configure:14680: result: yes
configure:14692: checking whether ADDR_NO_RANDOMIZE is declared
configure:14692: icc.pl -std=gnu89 -c -g -O2 -fdebug-prefix-map=/dev/shm/audit/audit=. -Wformat -march=native -pipe -Wformat-security -Wdate-time -D_FORTIFY_SOURCE=2 conftest.c >&5
configure:14692: $? = 0
configure:14692: result: yes
configure:14706: checking for posix_fallocate
configure:14706: icc.pl -std=gnu89 -o conftest -g -O2 -fdebug-prefix-map=/dev/shm/audit/audit=. -Wformat -march=native -pipe -Wformat-security -Wdate-time -D_FORTIFY_SOURCE=2 -Wl,-z,now -Wl,--as-needed conftest.c  >&5
conftest.c(70) (col. 6): remark #1419: external declaration in primary source file
conftest.c(83) (col. 3): remark #111: statement is unreachable
ipo: remark #11001: performing single-file optimizations
ipo: remark #11006: generating object file /tmp/intel/ipo_iccdLehMY.o
x86_64-linux-gnu-ld: /lib/x86_64-linux-gnu/libz.so.1: no version information available (required by /usr/lib/x86_64-linux-gnu/libbfd-2.31.1-system.so)
configure:14706: $? = 0
configure:14706: result: yes
configure:14715: checking for signalfd
configure:14715: result: yes
configure:14738: checking whether to create python bindings
configure:14753: result: testing
configure:14767: checking for python
configure:14785: found /usr/bin/python
configure:14797: result: /usr/bin/python
configure:14818: checking for python version
configure:14825: result: 2.7
configure:14837: checking for python platform
configure:14844: result: linux2
configure:14870: checking for python script directory
configure:14905: result: ${prefix}/lib/python2.7/dist-packages
configure:14914: checking for python extension module directory
configure:14949: result: ${exec_prefix}/lib/python2.7/site-packages
configure:14968: Python bindings will be built
configure:14990: checking whether to create python3 bindings
configure:15004: result: investigating
configure:15008: checking for python3-config
configure:15026: found /usr/bin/python3-config
configure:15039: result: /usr/bin/python3-config
configure:15059: checking for python3
configure:15077: found /usr/bin/python3
configure:15090: result: /usr/bin/python3
configure:15134: checking whether to create Go language bindings
configure:15149: result: testing
configure:15153: checking for go
configure:15169: found /usr/bin/go
configure:15181: result: go
configure:15191: Go bindings will be built
configure:15220: checking whether to include auditd network listener support
configure:15242: result: yes
configure:15246: checking whether to include audisp ZOS remote plugin
configure:15263: result: yes
configure:15280: checking for gss_acquire_cred in -lgssapi_krb5
configure:15305: icc.pl -std=gnu89 -o conftest -g -O2 -fdebug-prefix-map=/dev/shm/audit/audit=. -Wformat -march=native -pipe -Wformat-security -Wdate-time -D_FORTIFY_SOURCE=2 -Wl,-z,now -Wl,--as-needed conftest.c -lgssapi_krb5   >&5
conftest.c(56) (col. 6): remark #1419: external declaration in primary source file
conftest.c(62) (col. 3): remark #111: statement is unreachable
ipo: remark #11001: performing single-file optimizations
ipo: remark #11006: generating object file /tmp/intel/ipo_iccYEUarz.o
x86_64-linux-gnu-ld: /lib/x86_64-linux-gnu/libz.so.1: no version information available (required by /usr/lib/x86_64-linux-gnu/libbfd-2.31.1-system.so)
configure:15305: $? = 0
configure:15314: result: yes
configure:15318: checking gssapi/gssapi.h usability
configure:15318: icc.pl -std=gnu89 -c -g -O2 -fdebug-prefix-map=/dev/shm/audit/audit=. -Wformat -march=native -pipe -Wformat-security -Wdate-time -D_FORTIFY_SOURCE=2 conftest.c >&5
configure:15318: $? = 0
configure:15318: result: yes
configure:15318: checking gssapi/gssapi.h presence
configure:15318: icc.pl -E -Wdate-time -D_FORTIFY_SOURCE=2 conftest.c
configure:15318: $? = 0
configure:15318: result: yes
configure:15318: checking for gssapi/gssapi.h
configure:15318: result: yes
configure:15366: checking linux/fanotify.h usability
configure:15366: icc.pl -std=gnu89 -c -g -O2 -fdebug-prefix-map=/dev/shm/audit/audit=. -Wformat -march=native -pipe -Wformat-security -Wdate-time -D_FORTIFY_SOURCE=2 conftest.c >&5
configure:15366: $? = 0
configure:15366: result: yes
configure:15366: checking linux/fanotify.h presence
configure:15366: icc.pl -E -Wdate-time -D_FORTIFY_SOURCE=2 conftest.c
configure:15366: $? = 0
configure:15366: result: yes
configure:15366: checking for linux/fanotify.h
configure:15366: result: yes
configure:15433: checking whether to include alpha processor support
configure:15456: result: no
configure:15460: checking whether to include arm eabi processor support
configure:15483: result: yes
configure:15487: checking whether to include aarch64 processor support
configure:15510: result: yes
configure:15514: checking whether to use apparmor
configure:15529: result: yes
configure:15533: checking whether to use prelude
configure:15543: result: yes
configure:15548: checking for prelude_init in -lprelude
configure:15573: icc.pl -std=gnu89 -o conftest -g -O2 -fdebug-prefix-map=/dev/shm/audit/audit=. -Wformat -march=native -pipe -Wformat-security -Wdate-time -D_FORTIFY_SOURCE=2 -Wl,-z,now -Wl,--as-needed conftest.c -lprelude   >&5
conftest.c(61) (col. 6): remark #1419: external declaration in primary source file
conftest.c(67) (col. 3): remark #111: statement is unreachable
ipo: remark #11001: performing single-file optimizations
ipo: remark #11006: generating object file /tmp/intel/ipo_iccFJ7C2R.o
x86_64-linux-gnu-ld: /lib/x86_64-linux-gnu/libz.so.1: no version information available (required by /usr/lib/x86_64-linux-gnu/libbfd-2.31.1-system.so)
configure:15573: $? = 0
configure:15582: result: yes
configure:15595: result: yes
configure:15609: checking whether to use libwrap
configure:15620: result: yes
configure:15622: checking tcpd.h usability
configure:15622: icc.pl -std=gnu89 -c -g -O2 -fdebug-prefix-map=/dev/shm/audit/audit=. -Wformat -march=native -pipe -Wformat-security -Wdate-time -D_FORTIFY_SOURCE=2 conftest.c >&5
configure:15622: $? = 0
configure:15622: result: yes
configure:15622: checking tcpd.h presence
configure:15622: icc.pl -E -Wdate-time -D_FORTIFY_SOURCE=2 conftest.c
configure:15622: $? = 0
configure:15622: result: yes
configure:15622: checking for tcpd.h
configure:15622: result: yes
configure:15630: checking for request_init in -lwrap
configure:15655: icc.pl -std=gnu89 -o conftest -g -O2 -fdebug-prefix-map=/dev/shm/audit/audit=. -Wformat -march=native -pipe -Wformat-security -Wdate-time -D_FORTIFY_SOURCE=2 -Wl,-z,now -Wl,--as-needed conftest.c -lwrap   >&5
conftest.c(61) (col. 6): remark #1419: external declaration in primary source file
conftest.c(67) (col. 3): remark #111: statement is unreachable
ipo: remark #11001: performing single-file optimizations
ipo: remark #11006: generating object file /tmp/intel/ipo_iccYLoOeT.o
x86_64-linux-gnu-ld: /lib/x86_64-linux-gnu/libz.so.1: no version information available (required by /usr/lib/x86_64-linux-gnu/libbfd-2.31.1-system.so)
configure:15655: $? = 0
configure:15664: result: yes
configure:15670: checking for yp_get_default_domain in -lnsl
configure:15695: icc.pl -std=gnu89 -o conftest -g -O2 -fdebug-prefix-map=/dev/shm/audit/audit=. -Wformat -march=native -pipe -Wformat-security -Wdate-time -D_FORTIFY_SOURCE=2 -Wl,-z,now -Wl,--as-needed conftest.c -lnsl   >&5
conftest.c(61) (col. 6): remark #1419: external declaration in primary source file
conftest.c(67) (col. 3): remark #111: statement is unreachable
ipo: remark #11001: performing single-file optimizations
ipo: remark #11006: generating object file /tmp/intel/ipo_icc0NpuWC.o
x86_64-linux-gnu-ld: /lib/x86_64-linux-gnu/libz.so.1: no version information available (required by /usr/lib/x86_64-linux-gnu/libbfd-2.31.1-system.so)
configure:15695: $? = 0
configure:15704: result: yes
configure:15870: checking cap-ng.h usability
configure:15870: icc.pl -std=gnu89 -c -g -O2 -fdebug-prefix-map=/dev/shm/audit/audit=. -Wformat -march=native -pipe -Wformat-security -Wdate-time -D_FORTIFY_SOURCE=2 conftest.c >&5
configure:15870: $? = 0
configure:15870: result: yes
configure:15870: checking cap-ng.h presence
configure:15870: icc.pl -E -Wdate-time -D_FORTIFY_SOURCE=2 conftest.c
configure:15870: $? = 0
configure:15870: result: yes
configure:15870: checking for cap-ng.h
configure:15870: result: yes
configure:15880: checking for capng_clear in -lcap-ng
configure:15905: icc.pl -std=gnu89 -o conftest -g -O2 -fdebug-prefix-map=/dev/shm/audit/audit=. -Wformat -march=native -pipe -Wformat-security -Wdate-time -D_FORTIFY_SOURCE=2 -Wl,-z,now -Wl,--as-needed conftest.c -lcap-ng   >&5
conftest.c(62) (col. 6): remark #1419: external declaration in primary source file
conftest.c(68) (col. 3): remark #111: statement is unreachable
ipo: remark #11001: performing single-file optimizations
ipo: remark #11006: generating object file /tmp/intel/ipo_iccro11o8.o
x86_64-linux-gnu-ld: /lib/x86_64-linux-gnu/libz.so.1: no version information available (required by /usr/lib/x86_64-linux-gnu/libbfd-2.31.1-system.so)
configure:15905: $? = 0
configure:15914: result: yes
configure:15930: checking whether to use libcap-ng
configure:15936: result: yes
configure:16060: checking that generated files are newer than configure
configure:16066: result: done
configure:16153: creating ./config.status

## ---------------------- ##
## Running config.status. ##
## ---------------------- ##

This file was extended by audit config.status 2.8.4, which was
generated by GNU Autoconf 2.69.  Invocation command line was

  CONFIG_FILES    = 
  CONFIG_HEADERS  = 
  CONFIG_LINKS    = 
  CONFIG_COMMANDS = 
  $ ./config.status 

on server

config.status:1217: creating Makefile
config.status:1217: creating lib/Makefile
config.status:1217: creating lib/audit.pc
config.status:1217: creating lib/test/Makefile
config.status:1217: creating auparse/Makefile
config.status:1217: creating auparse/test/Makefile
config.status:1217: creating auparse/auparse.pc
config.status:1217: creating src/Makefile
config.status:1217: creating src/libev/Makefile
config.status:1217: creating src/test/Makefile
config.status:1217: creating docs/Makefile
config.status:1217: creating rules/Makefile
config.status:1217: creating init.d/Makefile
config.status:1217: creating audisp/Makefile
config.status:1217: creating audisp/plugins/Makefile
config.status:1217: creating audisp/plugins/builtins/Makefile
config.status:1217: creating audisp/plugins/prelude/Makefile
config.status:1217: creating audisp/plugins/remote/Makefile
config.status:1217: creating audisp/plugins/zos-remote/Makefile
config.status:1217: creating bindings/Makefile
config.status:1217: creating bindings/python/Makefile
config.status:1217: creating bindings/python/python2/Makefile
config.status:1217: creating bindings/python/python3/Makefile
config.status:1217: creating bindings/golang/Makefile
config.status:1217: creating bindings/swig/Makefile
config.status:1217: creating bindings/swig/src/Makefile
config.status:1217: creating bindings/swig/python/Makefile
config.status:1217: creating bindings/swig/python3/Makefile
config.status:1217: creating tools/Makefile
config.status:1217: creating tools/aulast/Makefile
config.status:1217: creating tools/aulastlog/Makefile
config.status:1217: creating tools/ausyscall/Makefile
config.status:1217: creating tools/auvirt/Makefile
config.status:1217: creating m4/Makefile
config.status:1217: creating config.h
config.status:1431: executing depfiles commands
config.status:1431: executing libtool commands
configure:18325: WARNING: unrecognized options: --disable-maintainer-mode

## ---------------- ##
## Cache variables. ##
## ---------------- ##

ac_cv_build=x86_64-pc-linux-gnu
ac_cv_build_prog_CPP='icc.pl -E'
ac_cv_build_prog_cc_g=yes
ac_cv_c_bigendian=no
ac_cv_c_compiler_clang=no
ac_cv_c_compiler_gnu=yes
ac_cv_c_const=yes
ac_cv_c_inline=inline
ac_cv_env_CC_set=set
ac_cv_env_CC_value=icc.pl
ac_cv_env_CFLAGS_set=set
ac_cv_env_CFLAGS_value='-g -O2 -fdebug-prefix-map=/dev/shm/audit/audit=. -Wformat -march=native -pipe -Wformat-security'
ac_cv_env_CPPFLAGS_set=set
ac_cv_env_CPPFLAGS_value='-Wdate-time -D_FORTIFY_SOURCE=2'
ac_cv_env_CPP_set=set
ac_cv_env_CPP_value='icc.pl -E'
ac_cv_env_LDFLAGS_set=set
ac_cv_env_LDFLAGS_value='-Wl,-z,now -Wl,--as-needed'
ac_cv_env_LIBS_set=
ac_cv_env_LIBS_value=
ac_cv_env_LT_SYS_LIBRARY_PATH_set=
ac_cv_env_LT_SYS_LIBRARY_PATH_value=
ac_cv_env_PYTHON_set=
ac_cv_env_PYTHON_value=
ac_cv_env_build_alias_set=set
ac_cv_env_build_alias_value=x86_64-linux-gnu
ac_cv_env_host_alias_set=
ac_cv_env_host_alias_value=
ac_cv_env_target_alias_set=
ac_cv_env_target_alias_value=
ac_cv_func_asprintf=yes
ac_cv_func_clock_gettime=yes
ac_cv_func_epoll_ctl=yes
ac_cv_func_eventfd=yes
ac_cv_func_gethostname=yes
ac_cv_func_getopt_long=yes
ac_cv_func_getpwuid=yes
ac_cv_func_gettimeofday=yes
ac_cv_func_inotify_init=yes
ac_cv_func_kqueue=no
ac_cv_func_mkstemp=yes
ac_cv_func_nanosleep=yes
ac_cv_func_poll=yes
ac_cv_func_port_create=no
ac_cv_func_posix_fallocate=yes
ac_cv_func_realpath=yes
ac_cv_func_select=yes
ac_cv_func_setenv=yes
ac_cv_func_signalfd=yes
ac_cv_func_snprintf=yes
ac_cv_func_strndup=yes
ac_cv_func_strtok_r=yes
ac_cv_func_unsetenv=yes
ac_cv_func_utimes=yes
ac_cv_func_vasprintf=yes
ac_cv_func_vsnprintf=yes
ac_cv_have_decl_ADDR_NO_RANDOMIZE=yes
ac_cv_have_decl_AUDIT_FEATURE_VERSION=yes
ac_cv_have_decl_AUDIT_STATUS_BACKLOG_WAIT_TIME=yes
ac_cv_have_decl_AUDIT_VERSION_BACKLOG_WAIT_TIME=yes
ac_cv_header_cap_ng_h=yes
ac_cv_header_ctype_h=yes
ac_cv_header_dirent_dirent_h=yes
ac_cv_header_dlfcn_h=yes
ac_cv_header_gssapi_gssapi_h=yes
ac_cv_header_inttypes_h=yes
ac_cv_header_linux_fanotify_h=yes
ac_cv_header_memory_h=yes
ac_cv_header_poll_h=yes
ac_cv_header_port_h=no
ac_cv_header_pwd_h=yes
ac_cv_header_stdarg_h=yes
ac_cv_header_stdc=yes
ac_cv_header_stdint_h=yes
ac_cv_header_stdlib_h=yes
ac_cv_header_string_h=yes
ac_cv_header_strings_h=yes
ac_cv_header_sys_epoll_h=yes
ac_cv_header_sys_event_h=no
ac_cv_header_sys_eventfd_h=yes
ac_cv_header_sys_inotify_h=yes
ac_cv_header_sys_mman_h=yes
ac_cv_header_sys_select_h=yes
ac_cv_header_sys_signalfd_h=yes
ac_cv_header_sys_stat_h=yes
ac_cv_header_sys_time_h=yes
ac_cv_header_sys_types_h=yes
ac_cv_header_sys_wait_h=yes
ac_cv_header_tcpd_h=yes
ac_cv_header_termios_h=yes
ac_cv_header_time=yes
ac_cv_header_unistd_h=yes
ac_cv_header_varargs_h=no
ac_cv_host=x86_64-pc-linux-gnu
ac_cv_lib_cap_ng_capng_clear=yes
ac_cv_lib_gssapi_krb5_gss_acquire_cred=yes
ac_cv_lib_nsl_yp_get_default_domain=yes
ac_cv_lib_prelude_prelude_init=yes
ac_cv_lib_wrap_request_init=yes
ac_cv_member_struct_audit_status_feature_bitmap=yes
ac_cv_objext=o
ac_cv_path_EGREP='/bin/grep -E'
ac_cv_path_FGREP='/bin/grep -F'
ac_cv_path_GREP=/bin/grep
ac_cv_path_PYTHON3=/usr/bin/python3
ac_cv_path_PYTHON=/usr/bin/python
ac_cv_path_SED=/bin/sed
ac_cv_path_ac_pt_BASH=/bin/bash
ac_cv_path_install=/usr/bin/install
ac_cv_path_lt_DD=/bin/dd
ac_cv_path_use_python3=/usr/bin/python3-config
ac_cv_prog_AWK=/usr/bin/gawk
ac_cv_prog_CPP='icc.pl -E'
ac_cv_prog_GOLANG=go
ac_cv_prog_ac_ct_AR=xiar.pl
ac_cv_prog_ac_ct_CC=icc.pl
ac_cv_prog_ac_ct_CC_FOR_BUILD=icc.pl
ac_cv_prog_ac_ct_MANIFEST_TOOL=mt
ac_cv_prog_ac_ct_OBJDUMP=/usr/bin/x86_64-linux-gnu-objdump
ac_cv_prog_ac_ct_RANLIB=ranlib
ac_cv_prog_ac_ct_STRIP=/usr/bin/x86_64-linux-gnu-strip
ac_cv_prog_cc_c89=-std=gnu89
ac_cv_prog_cc_c99=-std=gnu99
ac_cv_prog_cc_g=yes
ac_cv_prog_make_make_set=yes
ac_cv_search_cos='none required'
ac_cv_search_floor='none required'
ac_cv_search_opendir='none required'
ac_cv_sizeof_unsigned_int=4
ac_cv_sizeof_unsigned_long=8
ac_cv_target=x86_64-pc-linux-gnu
ac_cv_type_long_long=yes
ac_cv_type_unsigned_long_long_int=yes
am_cv_CC_dependencies_compiler_type=none
am_cv_make_support_nested_variables=yes
am_cv_prog_cc_c_o=yes
am_cv_python_platform=linux2
am_cv_python_pyexecdir='${exec_prefix}/lib/python2.7/site-packages'
am_cv_python_pythondir='${prefix}/lib/python2.7/dist-packages'
am_cv_python_version=2.7
ax_cv_c_float_words_bigendian=no
hw_cv_func_asprintf=yes
hw_cv_func_snprintf=yes
hw_cv_func_snprintf_c99=yes
hw_cv_func_vasprintf=yes
hw_cv_func_vsnprintf=yes
hw_cv_func_vsnprintf_c99=yes
lt_cv_ar_at_file=@
lt_cv_archive_cmds_need_lc=no
lt_cv_deplibs_check_method=pass_all
lt_cv_file_magic_cmd='$MAGIC_CMD'
lt_cv_file_magic_test_file=
lt_cv_ld_reload_flag=-r
lt_cv_nm_interface='BSD nm'
lt_cv_objdir=.libs
lt_cv_path_LD=/usr/bin/ld
lt_cv_path_NM='/usr/bin/x86_64-linux-gnu-nm -B'
lt_cv_path_mainfest_tool=no
lt_cv_prog_compiler_c_o=yes
lt_cv_prog_compiler_pic='-fPIC -DPIC'
lt_cv_prog_compiler_pic_works=yes
lt_cv_prog_compiler_rtti_exceptions=yes
lt_cv_prog_compiler_static_works=no
lt_cv_prog_gnu_ld=yes
lt_cv_sharedlib_from_linklib_cmd='printf %s\n'
lt_cv_shlibpath_overrides_runpath=yes
lt_cv_sys_global_symbol_pipe='sed -n -e '\''s/^.*[	 ]\([ABCDGIRSTW][ABCDGIRSTW]*\)[	 ][	 ]*\([_A-Za-z][_A-Za-z0-9]*\)$/\1 \2 \2/p'\'' | sed '\''/ __gnu_lto/d'\'''
lt_cv_sys_global_symbol_to_c_name_address='sed -n -e '\''s/^: \(.*\) .*$/  {"\1", (void *) 0},/p'\'' -e '\''s/^[ABCDGIRSTW][ABCDGIRSTW]* .* \(.*\)$/  {"\1", (void *) \&\1},/p'\'''
lt_cv_sys_global_symbol_to_c_name_address_lib_prefix='sed -n -e '\''s/^: \(.*\) .*$/  {"\1", (void *) 0},/p'\'' -e '\''s/^[ABCDGIRSTW][ABCDGIRSTW]* .* \(lib.*\)$/  {"\1", (void *) \&\1},/p'\'' -e '\''s/^[ABCDGIRSTW][ABCDGIRSTW]* .* \(.*\)$/  {"lib\1", (void *) \&\1},/p'\'''
lt_cv_sys_global_symbol_to_cdecl='sed -n -e '\''s/^T .* \(.*\)$/extern int \1();/p'\'' -e '\''s/^[ABCDGIRSTW][ABCDGIRSTW]* .* \(.*\)$/extern char \1;/p'\'''
lt_cv_sys_global_symbol_to_import=
lt_cv_sys_max_cmd_len=1572864
lt_cv_to_host_file_cmd=func_convert_file_noop
lt_cv_to_tool_file_cmd=func_convert_file_noop
lt_cv_truncate_bin='/bin/dd bs=4096 count=1'

## ----------------- ##
## Output variables. ##
## ----------------- ##

ACLOCAL='${SHELL} /dev/shm/audit/audit/missing aclocal-1.16'
AMDEPBACKSLASH=''
AMDEP_FALSE=''
AMDEP_TRUE='#'
AMTAR='$${TAR-tar}'
AM_BACKSLASH='\'
AM_DEFAULT_V='$(AM_DEFAULT_VERBOSITY)'
AM_DEFAULT_VERBOSITY='1'
AM_V='$(V)'
AR='xiar.pl'
AUTOCONF='${SHELL} /dev/shm/audit/audit/missing autoconf'
AUTOHEADER='${SHELL} /dev/shm/audit/audit/missing autoheader'
AUTOMAKE='${SHELL} /dev/shm/audit/audit/missing automake-1.16'
AWK='/usr/bin/gawk'
BUILD_EXEEXT=''
BUILD_OBJEXT=''
CAPNG_LDADD='-lcap-ng'
CC='icc.pl -std=gnu89'
CCDEPMODE='depmode=none'
CC_FOR_BUILD='icc.pl -std=gnu89'
CFLAGS='-g -O2 -fdebug-prefix-map=/dev/shm/audit/audit=. -Wformat -march=native -pipe -Wformat-security'
CFLAGS_FOR_BUILD='-g -O2'
CPP='icc.pl -E'
CPPFLAGS='-Wdate-time -D_FORTIFY_SOURCE=2'
CPPFLAGS_FOR_BUILD=''
CPP_FOR_BUILD='icc.pl -E'
CYGPATH_W='echo'
DEBUG='-DNDEBUG'
DEBUG_FALSE=''
DEBUG_TRUE='#'
DEFS='-DHAVE_CONFIG_H'
DEPDIR='.deps'
DLLTOOL='false'
DSYMUTIL=''
DUMPBIN=''
ECHO_C=''
ECHO_N='-n'
ECHO_T='	'
EGREP='/bin/grep -E'
ENABLE_GSSAPI_FALSE='#'
ENABLE_GSSAPI_TRUE=''
ENABLE_LISTENER_FALSE='#'
ENABLE_LISTENER_TRUE=''
ENABLE_SYSTEMD_FALSE=''
ENABLE_SYSTEMD_TRUE='#'
ENABLE_ZOS_REMOTE_FALSE='#'
ENABLE_ZOS_REMOTE_TRUE=''
EXEEXT=''
FGREP='/bin/grep -F'
GOLANG='go'
GOROOT='/usr/lib/go-1.11'
GREP='/bin/grep'
HAVE_GOLANG_FALSE='#'
HAVE_GOLANG_TRUE=''
HAVE_PRELUDE_FALSE='#'
HAVE_PRELUDE_TRUE=''
HAVE_PYTHON_FALSE='#'
HAVE_PYTHON_TRUE=''
INSTALL_DATA='${INSTALL} -m 644'
INSTALL_PROGRAM='${INSTALL}'
INSTALL_SCRIPT='${INSTALL}'
INSTALL_STRIP_PROGRAM='$(install_sh) -c -s'
LD='/usr/bin/ld -m elf_x86_64'
LDFLAGS='-Wl,-z,now -Wl,--as-needed'
LDFLAGS_FOR_BUILD=''
LIBOBJS=''
LIBPRELUDE_CFLAGS=''
LIBPRELUDE_LDFLAGS=''
LIBS=''
LIBTOOL='$(SHELL) $(top_builddir)/libtool'
LIBTOOL_DEPS='../../ltmain.sh'
LIBWRAP_LIBS='-lwrap -lnsl'
LIPO=''
LN_S='ln -s'
LTLIBOBJS=''
LT_SYS_LIBRARY_PATH=''
MAKEINFO='${SHELL} /dev/shm/audit/audit/missing makeinfo'
MANIFEST_TOOL=':'
MKDIR_P='/bin/mkdir -p'
NM='/usr/bin/x86_64-linux-gnu-nm -B'
NMEDIT=''
OBJDUMP='/usr/bin/x86_64-linux-gnu-objdump'
OBJEXT='o'
OTOOL64=''
OTOOL=''
PACKAGE='audit'
PACKAGE_BUGREPORT=''
PACKAGE_NAME='audit'
PACKAGE_STRING='audit 2.8.4'
PACKAGE_TARNAME='audit'
PACKAGE_URL=''
PACKAGE_VERSION='2.8.4'
PATH_SEPARATOR=':'
PYINCLUDEDIR='/usr/include/python2.7'
PYTHON3='/usr/bin/python3'
PYTHON3_CFLAGS='-I/usr/include/python3.7m -I/usr/include/python3.7m  -Wno-unused-result -Wsign-compare -g -fdebug-prefix-map=/home/richard/debs/pythonstuff/python-setuptools/python3.7/python3.7-3.7.1=. -specs=/usr/share/dpkg/no-pie-compile.specs -fstack-protector -Wformat -Werror=format-security -march=native -pipe  -DNDEBUG -g -fwrapv -O3 -Wall'
PYTHON3_EXEC_PREFIX='${exec_prefix}'
PYTHON3_INCLUDES='-I/usr/include/python3.7m -I/usr/include/python3.7m'
PYTHON3_LIBS='-lpython3.7m -lpthread -ldl  -lutil -lm '
PYTHON3_PREFIX='${prefix}'
PYTHON='/usr/bin/python'
PYTHON_EXEC_PREFIX='${exec_prefix}'
PYTHON_PLATFORM='linux2'
PYTHON_PREFIX='${prefix}'
PYTHON_VERSION='2.7'
RANLIB='ranlib'
SED='/bin/sed'
SET_MAKE=''
SHELL='/bin/bash'
STRIP='/usr/bin/x86_64-linux-gnu-strip'
USE_AARCH64_FALSE='#'
USE_AARCH64_TRUE=''
USE_ALPHA_FALSE=''
USE_ALPHA_TRUE='#'
USE_ARM_FALSE='#'
USE_ARM_TRUE=''
USE_PYTHON3_FALSE='#'
USE_PYTHON3_TRUE=''
VERSION='2.8.4'
ac_ct_AR='xiar.pl'
ac_ct_CC='icc.pl'
ac_ct_CC_FOR_BUILD='icc.pl'
ac_ct_DUMPBIN=''
am__EXEEXT_FALSE=''
am__EXEEXT_TRUE='#'
am__fastdepCC_FALSE=''
am__fastdepCC_TRUE='#'
am__include='include'
am__isrc=' -I$(srcdir)'
am__leading_dot='.'
am__nodep=''
am__quote=''
am__tar='$${TAR-tar} chof - "$$tardir"'
am__untar='$${TAR-tar} xf -'
bindir='${exec_prefix}/bin'
build='x86_64-pc-linux-gnu'
build_alias='x86_64-linux-gnu'
build_cpu='x86_64'
build_os='linux-gnu'
build_vendor='pc'
datadir='${datarootdir}'
datarootdir='${prefix}/share'
docdir='${datarootdir}/doc/${PACKAGE}'
dvidir='${docdir}'
exec_prefix='${prefix}'
gss_libs='-lgssapi_krb5 -lkrb5'
host='x86_64-pc-linux-gnu'
host_alias=''
host_cpu='x86_64'
host_os='linux-gnu'
host_vendor='pc'
htmldir='${docdir}'
includedir='${prefix}/include'
infodir='${datarootdir}/info'
install_sh='${SHELL} /dev/shm/audit/audit/install-sh'
libdir='/lib/x86_64-linux-gnu'
libexecdir='${prefix}/lib/x86_64-linux-gnu'
localedir='${datarootdir}/locale'
localstatedir='/var'
mandir='${datarootdir}/man'
mkdir_p='$(MKDIR_P)'
oldincludedir='/usr/include'
pdfdir='${docdir}'
pkgpyexecdir='${pyexecdir}/audit'
pkgpythondir='${pythondir}/audit'
prefix='/usr'
program_transform_name='s,x,x,'
psdir='${docdir}'
py3execdir='${exec_prefix}/lib/python3.7/site-packages'
pybind_dir='python'
pyexecdir='${exec_prefix}/lib/python2.7/site-packages'
python3dir='${prefix}/lib/python3.7/site-packages'
pythondir='${prefix}/lib/python2.7/dist-packages'
runstatedir='${localstatedir}/run'
sbindir='/sbin'
sharedstatedir='/var'
sysconfdir='/etc'
target='x86_64-pc-linux-gnu'
target_alias=''
target_cpu='x86_64'
target_os='linux-gnu'
target_vendor='pc'
use_python3='yes'

## ----------- ##
## confdefs.h. ##
## ----------- ##

/* confdefs.h */
#define PACKAGE_NAME "audit"
#define PACKAGE_TARNAME "audit"
#define PACKAGE_VERSION "2.8.4"
#define PACKAGE_STRING "audit 2.8.4"
#define PACKAGE_BUGREPORT ""
#define PACKAGE_URL ""
#define PACKAGE "audit"
#define VERSION "2.8.4"
#define STDC_HEADERS 1
#define HAVE_SYS_TYPES_H 1
#define HAVE_SYS_STAT_H 1
#define HAVE_STDLIB_H 1
#define HAVE_STRING_H 1
#define HAVE_MEMORY_H 1
#define HAVE_STRINGS_H 1
#define HAVE_INTTYPES_H 1
#define HAVE_STDINT_H 1
#define HAVE_UNISTD_H 1
#define HAVE_DLFCN_H 1
#define LT_OBJDIR ".libs/"
#define HAVE_SYS_INOTIFY_H 1
#define HAVE_SYS_EPOLL_H 1
#define HAVE_POLL_H 1
#define HAVE_SYS_SELECT_H 1
#define HAVE_SYS_EVENTFD_H 1
#define HAVE_SYS_SIGNALFD_H 1
#define HAVE_INOTIFY_INIT 1
#define HAVE_EPOLL_CTL 1
#define HAVE_POLL 1
#define HAVE_SELECT 1
#define HAVE_EVENTFD 1
#define HAVE_SIGNALFD 1
#define HAVE_CLOCK_GETTIME 1
#define HAVE_NANOSLEEP 1
#define HAVE_FLOOR 1
#define STDC_HEADERS 1
#define TIME_WITH_SYS_TIME 1
#define SIZEOF_UNSIGNED_INT 4
#define SIZEOF_UNSIGNED_LONG 8
#define HAVE_DECL_AUDIT_FEATURE_VERSION 1
#define HAVE_STRUCT_AUDIT_STATUS_FEATURE_BITMAP 1
#define HAVE_DECL_AUDIT_VERSION_BACKLOG_WAIT_TIME 1
#define HAVE_DECL_AUDIT_STATUS_BACKLOG_WAIT_TIME 1
#define HAVE_DECL_ADDR_NO_RANDOMIZE 1
#define HAVE_POSIX_FALLOCATE 1
#define USE_LISTENER 1
#define USE_GSSAPI /**/
#define USE_FANOTIFY /**/
#define WITH_ARM 1
#define WITH_AARCH64 1
#define WITH_APPARMOR 1
#define HAVE_LIBWRAP /**/
#define HAVE_LIBCAP_NG 1

configure: exit 0
